#
# A fatal error has been detected by the Java Runtime Environment:
#
#  EXCEPTION_ACCESS_VIOLATION (0xc0000005) at pc=0x00007ff9e281e186, pid=15788, tid=15152
#
# JRE version: Java(TM) SE Runtime Environment (21.0.1+12) (build 21.0.1+12-LTS-29)
# Java VM: Java HotSpot(TM) 64-Bit Server VM (21.0.1+12-LTS-29, mixed mode, emulated-client, sharing, tiered, compressed oops, compressed class ptrs, g1 gc, windows-amd64)
# Problematic frame:
# V  [jvm.dll+0x13e186]
#
# No core dump will be written. Minidumps are not enabled by default on client versions of Windows
#
# If you would like to submit a bug report, please visit:
#   https://bugreport.java.com/bugreport/crash.jsp
#

---------------  S U M M A R Y ------------

Command Line: -XX:+ShowCodeDetailsInExceptionMessages -agentlib:jdwp=transport=dt_socket,suspend=y,address=localhost:62370 -Dcom.sun.management.jmxremote -Dcom.sun.management.jmxremote.port=62369 -Dcom.sun.management.jmxremote.authenticate=false -Dcom.sun.management.jmxremote.ssl=false -Djava.rmi.server.hostname=localhost -Dspring.jmx.enabled=true -Dmanagement.endpoints.jmx.exposure.include=* -Dspring.application.admin.enabled=true -XX:TieredStopAtLevel=1 -Dspring.boot.project.name=AzCare-WebPortal -javaagent:D:\Program Files\SpringToolSuite-4.21.0.RELEASE\configuration\org.eclipse.osgi\258\0\.cp\lib\javaagent-shaded.jar -Dfile.encoding=windows-1252 -Dstdout.encoding=windows-1252 -Dstderr.encoding=windows-1252 com.project.AzCar.Services.AzCarApplication --spring.output.ansi.enabled=always

Host: Intel(R) Core(TM) i7-10875H CPU @ 2.30GHz, 16 cores, 31G,  Windows 11 , 64 bit Build 22621 (10.0.22621.3235)
Time: Fri Mar 22 14:07:09 2024 SE Asia Standard Time elapsed time: 4870.533932 seconds (0d 1h 21m 10s)

---------------  T H R E A D  ---------------

Current thread (0x000002a1e6dd16e0):  WorkerThread "GC Thread#10"   [id=15152, stack(0x000000ae66400000,0x000000ae66500000) (1024K)]

Stack: [0x000000ae66400000,0x000000ae66500000],  sp=0x000000ae664fdf48,  free space=1015k
Native frames: (J=compiled Java code, j=interpreted, Vv=VM code, C=native code)
V  [jvm.dll+0x13e186]

JavaThread 0x000002a1f473b200 (nid = 26652) was being processed
Java frames: (J=compiled Java code, j=interpreted, Vv=VM code)
j  java.lang.invoke.DirectMethodHandle$Holder.newInvokeSpecial(Ljava/lang/Object;)Ljava/lang/Object;+15 java.base@21.0.1
J 33435 c1 jdk.internal.reflect.DirectConstructorHandleAccessor.newInstance([Ljava/lang/Object;)Ljava/lang/Object; java.base@21.0.1 (130 bytes) @ 0x000002a1958dfa0c [0x000002a1958df700+0x000000000000030c]
J 33821 c1 java.lang.reflect.Constructor.newInstanceWithCaller([Ljava/lang/Object;ZLjava/lang/Class;)Ljava/lang/Object; java.base@21.0.1 (51 bytes) @ 0x000002a1950f313c [0x000002a1950f3060+0x00000000000000dc]
J 36870 c1 org.springframework.beans.BeanUtils.instantiateClass(Ljava/lang/reflect/Constructor;[Ljava/lang/Object;)Ljava/lang/Object; (208 bytes) @ 0x000002a195df4654 [0x000002a195df4080+0x00000000000005d4]
j  org.springframework.beans.factory.support.SimpleInstantiationStrategy.instantiate(Lorg/springframework/beans/factory/support/RootBeanDefinition;Ljava/lang/String;Lorg/springframework/beans/factory/BeanFactory;)Ljava/lang/Object;+111
j  org.springframework.beans.factory.support.AbstractAutowireCapableBeanFactory.instantiateBean(Ljava/lang/String;Lorg/springframework/beans/factory/support/RootBeanDefinition;)Lorg/springframework/beans/BeanWrapper;+7
J 49918 c1 org.springframework.beans.factory.support.AbstractAutowireCapableBeanFactory.createBeanInstance(Ljava/lang/String;Lorg/springframework/beans/factory/support/RootBeanDefinition;[Ljava/lang/Object;)Lorg/springframework/beans/BeanWrapper; (241 bytes) @ 0x000002a19513f01c [0x000002a19513e9c0+0x000000000000065c]
J 42519 c1 org.springframework.beans.factory.support.AbstractAutowireCapableBeanFactory.doCreateBean(Ljava/lang/String;Lorg/springframework/beans/factory/support/RootBeanDefinition;[Ljava/lang/Object;)Ljava/lang/Object; (469 bytes) @ 0x000002a1953087dc [0x000002a195308620+0x00000000000001bc]
J 42517 c1 org.springframework.beans.factory.support.AbstractAutowireCapableBeanFactory.createBean(Ljava/lang/String;Lorg/springframework/beans/factory/support/RootBeanDefinition;[Ljava/lang/Object;)Ljava/lang/Object; (214 bytes) @ 0x000002a194d5995c [0x000002a194d59440+0x000000000000051c]
j  org.springframework.beans.factory.support.AbstractBeanFactory.lambda$doGetBean$0(Ljava/lang/String;Lorg/springframework/beans/factory/support/RootBeanDefinition;[Ljava/lang/Object;)Ljava/lang/Object;+4
j  org.springframework.beans.factory.support.AbstractBeanFactory$$Lambda+0x000002a1a6268858.getObject()Ljava/lang/Object;+16
j  org.springframework.beans.factory.support.DefaultSingletonBeanRegistry.getSingleton(Ljava/lang/String;Lorg/springframework/beans/factory/ObjectFactory;)Ljava/lang/Object;+114
J 36615 c1 org.springframework.beans.factory.support.AbstractBeanFactory.doGetBean(Ljava/lang/String;Ljava/lang/Class;[Ljava/lang/Object;Z)Ljava/lang/Object; (740 bytes) @ 0x000002a1957d465c [0x000002a1957d3fc0+0x000000000000069c]
J 41470 c1 org.springframework.beans.factory.support.AbstractBeanFactory.getBean(Ljava/lang/String;)Ljava/lang/Object; (9 bytes) @ 0x000002a195ea43b4 [0x000002a195ea4340+0x0000000000000074]
j  org.springframework.beans.factory.support.DefaultListableBeanFactory.preInstantiateSingletons()V+152
j  org.springframework.context.support.AbstractApplicationContext.finishBeanFactoryInitialization(Lorg/springframework/beans/factory/config/ConfigurableListableBeanFactory;)V+130
j  org.springframework.context.support.AbstractApplicationContext.refresh()V+94
j  org.springframework.boot.web.servlet.context.ServletWebServerApplicationContext.refresh()V+1
j  org.springframework.boot.SpringApplication.refresh(Lorg/springframework/context/ConfigurableApplicationContext;)V+1
j  org.springframework.boot.SpringApplication.refreshContext(Lorg/springframework/context/ConfigurableApplicationContext;)V+16
j  org.springframework.boot.SpringApplication.run([Ljava/lang/String;)Lorg/springframework/context/ConfigurableApplicationContext;+110
j  org.springframework.boot.SpringApplication.run([Ljava/lang/Class;[Ljava/lang/String;)Lorg/springframework/context/ConfigurableApplicationContext;+9
j  org.springframework.boot.SpringApplication.run(Ljava/lang/Class;[Ljava/lang/String;)Lorg/springframework/context/ConfigurableApplicationContext;+9
j  com.project.AzCar.Services.AzCarApplication.main([Ljava/lang/String;)V+3
j  java.lang.invoke.LambdaForm$DMH+0x000002a1a6004c00.invokeStatic(Ljava/lang/Object;Ljava/lang/Object;)V+10 java.base@21.0.1
j  java.lang.invoke.LambdaForm$MH+0x000002a1a6d02c00.invoke(Ljava/lang/Object;Ljava/lang/Object;Ljava/lang/Object;)Ljava/lang/Object;+33 java.base@21.0.1
J 4681 c1 jdk.internal.reflect.DirectMethodHandleAccessor.invoke(Ljava/lang/Object;[Ljava/lang/Object;)Ljava/lang/Object; java.base@21.0.1 (92 bytes) @ 0x000002a19559589c [0x000002a195595520+0x000000000000037c]
J 4690 c1 java.lang.reflect.Method.invoke(Ljava/lang/Object;[Ljava/lang/Object;)Ljava/lang/Object; java.base@21.0.1 (108 bytes) @ 0x000002a19559aefc [0x000002a19559ad00+0x00000000000001fc]
j  org.springframework.boot.devtools.restart.RestartLauncher.run()V+47
v  ~StubRoutines::call_stub 0x000002a1946f100d

siginfo: EXCEPTION_ACCESS_VIOLATION (0xc0000005), reading address 0x000002a24a72d9c7


Registers:
RAX=0x0000000000000000, RBX=0x0000000000000000, RCX=0x000000ae643fe120, RDX=0x000000ae643fe120
RSP=0x000000ae664fdf48, RBP=0x000000ae664fe120, RSI=0x000000ae643fe120, RDI=0x000000ae643fe120
R8 =0x000002a24a72d9bf, R9 =0x000000ae643fe120, R10=0x000002a18c2d33a0, R11=0x000000ae664fe1a8
R12=0x0000000000000000, R13=0x000002a24a72d9bf, R14=0x000000ae643fe120, R15=0x000002a1ebb36d20
RIP=0x00007ff9e281e186, EFLAGS=0x0000000000010202


Register to memory mapping:

RAX=0x0 is null
RBX=0x0 is null
RCX=0x000000ae643fe120 is pointing into the stack for thread: 0x000002a1f473b200
RDX=0x000000ae643fe120 is pointing into the stack for thread: 0x000002a1f473b200
RSP=0x000000ae664fdf48 points into unknown readable memory: 0x00007ff9e2a3788b | 8b 78 a3 e2 f9 7f 00 00
RBP=0x000000ae664fe120 points into unknown readable memory: 0x000002a1a5017600 | 00 76 01 a5 a1 02 00 00
RSI=0x000000ae643fe120 is pointing into the stack for thread: 0x000002a1f473b200
RDI=0x000000ae643fe120 is pointing into the stack for thread: 0x000002a1f473b200
R8 =0x000002a24a72d9bf is an unknown value
R9 =0x000000ae643fe120 is pointing into the stack for thread: 0x000002a1f473b200
R10=0x000002a18c2d33a0 points into unknown readable memory: 0x00007ff9e30af0b0 | b0 f0 0a e3 f9 7f 00 00
R11=0x000000ae664fe1a8 points into unknown readable memory: 0x00007ff9e29f550d | 0d 55 9f e2 f9 7f 00 00
R12=0x0 is null
R13=0x000002a24a72d9bf is an unknown value
R14=0x000000ae643fe120 is pointing into the stack for thread: 0x000002a1f473b200
R15=0x000002a1ebb36d20 points into unknown readable memory: 0x00007ff9e30b63e8 | e8 63 0b e3 f9 7f 00 00

Top of Stack: (sp=0x000000ae664fdf48)
0x000000ae664fdf48:   00007ff9e2a3788b 000000ae664fe0a8
0x000000ae664fdf58:   00007ff9e2a545aa 000000000000012f
0x000000ae664fdf68:   00007ff9e2d978ff 000000000000012f
0x000000ae664fdf78:   00007ff9e29faf56 000002a1ebb35fa8
0x000000ae664fdf88:   00007ff9e2e22701 00000000000023b2
0x000000ae664fdf98:   0000000000000020 000002a1ec447148
0x000000ae664fdfa8:   000002a1e6c8c640 0000000000000001
0x000000ae664fdfb8:   00000000000003d8 0000000000000000
0x000000ae664fdfc8:   000000ae643fe120 000000ae643fe120
0x000000ae664fdfd8:   000000ae664fe120 000002a1ec447148
0x000000ae664fdfe8:   00007ff9e2a4619d 000000ae664fe0b8
0x000000ae664fdff8:   000000ae664fe300 000002a1a5480090
0x000000ae664fe008:   0000000000000000 000002a1ec447148
0x000000ae664fe018:   00007ff9e29f5acd 0000000000000003
0x000000ae664fe028:   000000ae664fe300 000002a1ec447148
0x000000ae664fe038:   000000ae664fe300 0000000f00000001
0x000000ae664fe048:   000002a1a50b6b68 000002a1e6dd16e0
0x000000ae664fe058:   000002a1a55443a8 000002a1e6264f00
0x000000ae664fe068:   00000000000003d8 000002a1e6264f10
0x000000ae664fe078:   000002a1e62652e8 000002a1a572d9bf
0x000000ae664fe088:   000000ae000000b8 000002a1a50b6b68
0x000000ae664fe098:   00007ff9e30ada20 000000ae664fe300
0x000000ae664fe0a8:   000002a1ec447148 0000000400000003
0x000000ae664fe0b8:   000002a1a55443a8 0000001300000001
0x000000ae664fe0c8:   0000000000000032 000000010000000c
0x000000ae664fe0d8:   000002a1a5480090 0000000000000000
0x000000ae664fe0e8:   0000000000000000 000002a1eb672b94
0x000000ae664fe0f8:   0000000000000000 0000000300000001
0x000000ae664fe108:   0000ffff09c80000 000002a1e6db9680
0x000000ae664fe118:   00007ff9e29faf56 000002a1a5017600
0x000000ae664fe128:   00000006e6260013 000000ae00000000
0x000000ae664fe138:   0000000000000015 000002a1ec447148 

Instructions: (pc=0x00007ff9e281e186)
0x00007ff9e281e086:   4c 63 c0 41 8b c1 48 c1 f8 10 48 63 14 19 41 8b
0x00007ff9e281e096:   c9 83 e1 3f 48 d3 e2 0f b6 c8 49 8d 04 10 49 f7
0x00007ff9e281e0a6:   d0 48 03 c8 49 c1 e8 03 48 c1 e9 03 49 23 c8 eb
0x00007ff9e281e0b6:   12 49 8b 00 48 8b d3 49 8b c8 ff 90 00 01 00 00
0x00007ff9e281e0c6:   48 8b c8 48 89 1f 48 8b c7 48 8b 5c 24 30 48 89
0x00007ff9e281e0d6:   4f 08 48 83 c4 20 5f c3 cc cc 0f b6 05 37 d4 a7
0x00007ff9e281e0e6:   00 48 8b d1 84 c0 74 16 44 8b 41 08 8b 0d 80 be
0x00007ff9e281e0f6:   a7 00 49 d3 e0 4c 03 05 6e be a7 00 eb 04 4c 8b
0x00007ff9e281e106:   41 08 45 8b 48 08 45 85 c9 7e 0e 41 f6 c1 01 75
0x00007ff9e281e116:   53 41 c1 f9 03 49 63 c1 c3 79 49 84 c0 41 b8 0c
0x00007ff9e281e126:   00 00 00 8b 05 89 cf a7 00 b9 10 00 00 00 41 0f
0x00007ff9e281e136:   45 c8 ff c8 4c 63 c0 41 8b c1 48 c1 f8 10 0f b6
0x00007ff9e281e146:   c0 48 63 14 11 41 8b c9 83 e1 3f 48 d3 e2 49 8d
0x00007ff9e281e156:   0c 10 49 f7 d0 48 03 c1 49 c1 e8 03 48 c1 e8 03
0x00007ff9e281e166:   49 23 c0 c3 49 8b 00 49 8b c8 48 ff a0 00 01 00
0x00007ff9e281e176:   00 cc cc cc cc cc cc cc cc cc 4c 8b c2 48 8b d1
0x00007ff9e281e186:   45 8b 48 08 45 85 c9 7e 0e 41 f6 c1 01 75 56 41
0x00007ff9e281e196:   c1 f9 03 49 63 c1 c3 79 4c 80 3d 78 d3 a7 00 00
0x00007ff9e281e1a6:   b8 0c 00 00 00 b9 10 00 00 00 0f 45 c8 8b 05 ff
0x00007ff9e281e1b6:   ce a7 00 ff c8 4c 63 c0 41 8b c1 48 c1 f8 10 48
0x00007ff9e281e1c6:   63 14 11 41 8b c9 83 e1 3f 0f b6 c0 48 d3 e2 49
0x00007ff9e281e1d6:   8d 0c 10 49 f7 d0 48 03 c1 49 c1 e8 03 48 c1 e8
0x00007ff9e281e1e6:   03 49 23 c0 c3 49 8b 00 49 8b c8 48 ff a0 00 01
0x00007ff9e281e1f6:   00 00 cc cc cc cc cc cc cc cc 48 83 ec 28 ba 37
0x00007ff9e281e206:   00 00 00 48 8d 0d 98 6b 85 00 e8 db 28 14 00 cc
0x00007ff9e281e216:   cc cc cc cc cc cc cc cc cc cc 40 53 48 83 ec 20
0x00007ff9e281e226:   48 8b d9 49 8b c0 33 c9 45 0f b6 c1 48 89 0b 48
0x00007ff9e281e236:   89 4b 08 48 8b cb 48 89 53 10 48 8b d0 e8 a8 09
0x00007ff9e281e246:   00 00 48 8b c3 48 83 c4 20 5b c3 cc cc cc cc cc
0x00007ff9e281e256:   cc cc cc cc cc cc cc cc cc cc 40 53 48 83 ec 20
0x00007ff9e281e266:   33 c0 44 88 41 10 45 0f b6 c1 48 89 01 48 89 41
0x00007ff9e281e276:   08 48 8b d9 e8 81 0a 00 00 48 8b c3 48 83 c4 20 


Stack slot to memory mapping:

stack at sp + 0 slots: 0x00007ff9e2a3788b jvm.dll
stack at sp + 1 slots: 0x000000ae664fe0a8 points into unknown readable memory: 0x000002a1ec447148 | 48 71 44 ec a1 02 00 00
stack at sp + 2 slots: 0x00007ff9e2a545aa jvm.dll
stack at sp + 3 slots: 0x000000000000012f is an unknown value
stack at sp + 4 slots: 0x00007ff9e2d978ff jvm.dll
stack at sp + 5 slots: 0x000000000000012f is an unknown value
stack at sp + 6 slots: 0x00007ff9e29faf56 jvm.dll
stack at sp + 7 slots: 0x000002a1ebb35fa8 points into unknown readable memory: 0x00007ff9e3074cf0 | f0 4c 07 e3 f9 7f 00 00


---------------  P R O C E S S  ---------------

Threads class SMR info:
_java_thread_list=0x000002a1eea0f350, length=31, elements={
0x000002a1a1edc6a0, 0x000002a1a1edd200, 0x000002a1a1edf020, 0x000002a1a1edfc80,
0x000002a1a1ee2e90, 0x000002a1a1ee60a0, 0x000002a1a1eea4d0, 0x000002a1e61e5820,
0x000002a1e6245c20, 0x000002a1e626e250, 0x000002a1e626fca0, 0x000002a1e6bbca50,
0x000002a1e6eafab0, 0x000002a1e6ec4880, 0x000002a1e6f27080, 0x000002a1eb5053a0,
0x000002a1eb517fd0, 0x000002a1eb564d40, 0x000002a1eb564020, 0x000002a1e6e88b50,
0x000002a1e6e8ac20, 0x000002a1e6e891e0, 0x000002a1e6e8c660, 0x000002a1f473c5b0,
0x000002a1f473b200, 0x000002a1eee835e0, 0x000002a1eee87330, 0x000002a1f473b890,
0x000002a1f473d2d0, 0x000002a1f4738aa0, 0x000002a1f4739130
}

Java Threads: ( => current thread )
  0x000002a1a1edc6a0 JavaThread "Reference Handler"          daemon [_thread_blocked, id=24512, stack(0x000000ae64c00000,0x000000ae64d00000) (1024K)]
  0x000002a1a1edd200 JavaThread "Finalizer"                  daemon [_thread_blocked, id=9056, stack(0x000000ae64d00000,0x000000ae64e00000) (1024K)]
  0x000002a1a1edf020 JavaThread "Signal Dispatcher"          daemon [_thread_blocked, id=27936, stack(0x000000ae64e00000,0x000000ae64f00000) (1024K)]
  0x000002a1a1edfc80 JavaThread "Attach Listener"            daemon [_thread_blocked, id=20904, stack(0x000000ae64f00000,0x000000ae65000000) (1024K)]
  0x000002a1a1ee2e90 JavaThread "Service Thread"             daemon [_thread_blocked, id=22244, stack(0x000000ae65000000,0x000000ae65100000) (1024K)]
  0x000002a1a1ee60a0 JavaThread "Monitor Deflation Thread"   daemon [_thread_blocked, id=23496, stack(0x000000ae65100000,0x000000ae65200000) (1024K)]
  0x000002a1a1eea4d0 JavaThread "C1 CompilerThread0"         daemon [_thread_blocked, id=14912, stack(0x000000ae65200000,0x000000ae65300000) (1024K)]
  0x000002a1e61e5820 JavaThread "Common-Cleaner"             daemon [_thread_blocked, id=22684, stack(0x000000ae65400000,0x000000ae65500000) (1024K)]
  0x000002a1e6245c20 JavaThread "JDWP Transport Listener: dt_socket" daemon [_thread_blocked, id=23984, stack(0x000000ae65700000,0x000000ae65800000) (1024K)]
  0x000002a1e626e250 JavaThread "JDWP Event Helper Thread"   daemon [_thread_blocked, id=9672, stack(0x000000ae65800000,0x000000ae65900000) (1024K)]
  0x000002a1e626fca0 JavaThread "JDWP Command Reader"        daemon [_thread_in_native, id=12392, stack(0x000000ae65900000,0x000000ae65a00000) (1024K)]
  0x000002a1e6bbca50 JavaThread "Notification Thread"        daemon [_thread_blocked, id=27288, stack(0x000000ae65a00000,0x000000ae65b00000) (1024K)]
  0x000002a1e6eafab0 JavaThread "RMI TCP Accept-0"           daemon [_thread_in_native, id=8020, stack(0x000000ae66600000,0x000000ae66700000) (1024K)]
  0x000002a1e6ec4880 JavaThread "RMI TCP Accept-62369"       daemon [_thread_in_native, id=17404, stack(0x000000ae66700000,0x000000ae66800000) (1024K)]
  0x000002a1e6f27080 JavaThread "RMI TCP Accept-0"           daemon [_thread_in_native, id=26884, stack(0x000000ae66800000,0x000000ae66900000) (1024K)]
  0x000002a1eb5053a0 JavaThread "RMI Scheduler(0)"           daemon [_thread_blocked, id=14096, stack(0x000000ae66c00000,0x000000ae66d00000) (1024K)]
  0x000002a1eb517fd0 JavaThread "RMI TCP Connection(83)-127.0.0.1" daemon [_thread_in_native, id=13120, stack(0x000000ae66d00000,0x000000ae66e00000) (1024K)]
  0x000002a1eb564d40 JavaThread "JMX server connection timeout 53" daemon [_thread_blocked, id=7256, stack(0x000000ae66e00000,0x000000ae66f00000) (1024K)]
  0x000002a1eb564020 JavaThread "mysql-cj-abandoned-connection-cleanup" daemon [_thread_blocked, id=14000, stack(0x000000ae67c00000,0x000000ae67d00000) (1024K)]
  0x000002a1e6e88b50 JavaThread "Live Reload Server"         daemon [_thread_in_native, id=18776, stack(0x000000ae68100000,0x000000ae68200000) (1024K)]
  0x000002a1e6e8ac20 JavaThread "DestroyJavaVM"                     [_thread_blocked, id=23112, stack(0x000000ae64400000,0x000000ae64500000) (1024K)]
  0x000002a1e6e891e0 JavaThread "File Watcher"               daemon [_thread_blocked, id=21788, stack(0x000000ae66900000,0x000000ae66a00000) (1024K)]
  0x000002a1e6e8c660 JavaThread "File Watcher"               daemon [_thread_blocked, id=20960, stack(0x000000ae66b00000,0x000000ae66c00000) (1024K)]
  0x000002a1f473c5b0 JavaThread "Thread-26"                         [_thread_blocked, id=22448, stack(0x000000ae64100000,0x000000ae64200000) (1024K)]
  0x000002a1f473b200 JavaThread "restartedMain"                     [_thread_blocked, id=26652, stack(0x000000ae64300000,0x000000ae64400000) (1024K)]
  0x000002a1eee835e0 JavaThread "C1 CompilerThread1"         daemon [_thread_blocked, id=6980, stack(0x000000ae65300000,0x000000ae65400000) (1024K)]
  0x000002a1eee87330 JavaThread "C1 CompilerThread2"         daemon [_thread_blocked, id=18252, stack(0x000000ae65500000,0x000000ae65600000) (1024K)]
  0x000002a1f473b890 JavaThread "Catalina-utility-1"                [_thread_blocked, id=18284, stack(0x000000ae67700000,0x000000ae67800000) (1024K)]
  0x000002a1f473d2d0 JavaThread "Catalina-utility-2"                [_thread_blocked, id=25928, stack(0x000000ae67800000,0x000000ae67900000) (1024K)]
  0x000002a1f4738aa0 JavaThread "container-2"                       [_thread_blocked, id=21560, stack(0x000000ae67900000,0x000000ae67a00000) (1024K)]
  0x000002a1f4739130 JavaThread "HikariPool-7 housekeeper"   daemon [_thread_blocked, id=19884, stack(0x000000ae67a00000,0x000000ae67b00000) (1024K)]
Total: 31

Other Threads:
  0x000002a1a1eb9f40 VMThread "VM Thread"                           [id=24640, stack(0x000000ae64b00000,0x000000ae64c00000) (1024K)]
  0x000002a1a1eaa310 WatcherThread "VM Periodic Task Thread"        [id=21756, stack(0x000000ae64a00000,0x000000ae64b00000) (1024K)]
  0x000002a1a1d60980 WorkerThread "GC Thread#0"                     [id=18980, stack(0x000000ae64500000,0x000000ae64600000) (1024K)]
  0x000002a1e6dbda10 WorkerThread "GC Thread#1"                     [id=1688, stack(0x000000ae65b00000,0x000000ae65c00000) (1024K)]
  0x000002a1e6dbddb0 WorkerThread "GC Thread#2"                     [id=24840, stack(0x000000ae65c00000,0x000000ae65d00000) (1024K)]
  0x000002a1e6dbe150 WorkerThread "GC Thread#3"                     [id=1640, stack(0x000000ae65d00000,0x000000ae65e00000) (1024K)]
  0x000002a1e6dc2500 WorkerThread "GC Thread#4"                     [id=15436, stack(0x000000ae65e00000,0x000000ae65f00000) (1024K)]
  0x000002a1e6dca8b0 WorkerThread "GC Thread#5"                     [id=29436, stack(0x000000ae65f00000,0x000000ae66000000) (1024K)]
  0x000002a1e6dcb870 WorkerThread "GC Thread#6"                     [id=23388, stack(0x000000ae66000000,0x000000ae66100000) (1024K)]
  0x000002a1e6dcbc10 WorkerThread "GC Thread#7"                     [id=20120, stack(0x000000ae66100000,0x000000ae66200000) (1024K)]
  0x000002a1e6dcbfb0 WorkerThread "GC Thread#8"                     [id=22132, stack(0x000000ae66200000,0x000000ae66300000) (1024K)]
  0x000002a1e6dcc460 WorkerThread "GC Thread#9"                     [id=20196, stack(0x000000ae66300000,0x000000ae66400000) (1024K)]
=>0x000002a1e6dd16e0 WorkerThread "GC Thread#10"                    [id=15152, stack(0x000000ae66400000,0x000000ae66500000) (1024K)]
  0x000002a1e6dd21c0 WorkerThread "GC Thread#11"                    [id=13228, stack(0x000000ae66500000,0x000000ae66600000) (1024K)]
  0x000002a1e6dd1e20 WorkerThread "GC Thread#12"                    [id=24300, stack(0x000000ae67000000,0x000000ae67100000) (1024K)]
  0x000002a18c33d0f0 ConcurrentGCThread "G1 Main Marker"            [id=23344, stack(0x000000ae64600000,0x000000ae64700000) (1024K)]
  0x000002a18c33d9a0 WorkerThread "G1 Conc#0"                       [id=5328, stack(0x000000ae64700000,0x000000ae64800000) (1024K)]
  0x000002a1e6dd0c00 WorkerThread "G1 Conc#1"                       [id=27320, stack(0x000000ae67100000,0x000000ae67200000) (1024K)]
  0x000002a1e6dd0fa0 WorkerThread "G1 Conc#2"                       [id=8796, stack(0x000000ae67200000,0x000000ae67300000) (1024K)]
  0x000002a1a1de8d20 ConcurrentGCThread "G1 Refine#0"               [id=27008, stack(0x000000ae64800000,0x000000ae64900000) (1024K)]
  0x000002a1a1deb650 ConcurrentGCThread "G1 Service"                [id=9748, stack(0x000000ae64900000,0x000000ae64a00000) (1024K)]
Total: 21

Threads with active compile tasks:
Total: 0

VM state: at safepoint (normal execution)

VM Mutex/Monitor currently owned by a thread:  ([mutex/lock_event])
[0x00007ff9e331a5f8] Threads_lock - owner thread: 0x000002a1a1eb9f40
[0x00007ff9e331a6f8] Heap_lock - owner thread: 0x000002a1e6e891e0

Heap address: 0x0000000603c00000, size: 8132 MB, Compressed Oops mode: Zero based, Oop shift amount: 3

CDS archive(s) mapped at: [0x000002a1a5000000-0x000002a1a5c90000-0x000002a1a5c90000), size 13172736, SharedBaseAddress: 0x000002a1a5000000, ArchiveRelocationMode: 1.
Compressed class space mapped at: 0x000002a1a6000000-0x000002a1e6000000, reserved size: 1073741824
Narrow klass base: 0x000002a1a5000000, Narrow klass shift: 0, Narrow klass range: 0x100000000

GC Precious Log:
 CardTable entry size: 512
 Card Set container configuration: InlinePtr #cards 4 size 8 Array Of Cards #cards 32 size 80 Howl #buckets 8 coarsen threshold 7372 Howl Bitmap #cards 1024 size 144 coarsen threshold 921 Card regions per heap region 1 cards per card region 8192
 CPUs: 16 total, 16 available
 Memory: 32512M
 Large Page Support: Disabled
 NUMA Support: Disabled
 Compressed Oops: Enabled (Zero based)
 Heap Region Size: 4M
 Heap Min Capacity: 8M
 Heap Initial Capacity: 512M
 Heap Max Capacity: 8132M
 Pre-touch: Disabled
 Parallel Workers: 13
 Concurrent Workers: 3
 Concurrent Refinement Workers: 13
 Periodic GC: Disabled

Heap:
 garbage-first heap   total 192512K, used 166689K [0x0000000603c00000, 0x0000000800000000)
  region size 4096K, 29 young (118784K), 3 survivors (12288K)
 Metaspace       used 95376K, committed 96256K, reserved 1179648K
  class space    used 13211K, committed 13568K, reserved 1048576K

Heap Regions: E=young(eden), S=young(survivor), O=old, HS=humongous(starts), HC=humongous(continues), CS=collection set, F=free, TAMS=top-at-mark-start, PB=parsable bottom
|   0|0x0000000603c00000, 0x0000000604000000, 0x0000000604000000|100%| O|  |TAMS 0x0000000604000000| PB 0x0000000603c00000| Untracked 
|   1|0x0000000604000000, 0x00000006043e9270, 0x0000000604400000| 97%| O|  |TAMS 0x00000006043e9270| PB 0x0000000604000000| Untracked 
|   2|0x0000000604400000, 0x00000006047ffff8, 0x0000000604800000| 99%| O|  |TAMS 0x00000006047ffff8| PB 0x0000000604400000| Untracked 
|   3|0x0000000604800000, 0x0000000604bffff8, 0x0000000604c00000| 99%| O|  |TAMS 0x0000000604bffff8| PB 0x0000000604800000| Untracked 
|   4|0x0000000604c00000, 0x0000000604ffffa0, 0x0000000605000000| 99%| O|  |TAMS 0x0000000604ffffa0| PB 0x0000000604c00000| Untracked 
|   5|0x0000000605000000, 0x00000006053fffe8, 0x0000000605400000| 99%| O|  |TAMS 0x00000006053fffe8| PB 0x0000000605000000| Untracked 
|   6|0x0000000605400000, 0x00000006057fffc0, 0x0000000605800000| 99%| O|  |TAMS 0x00000006057fffc0| PB 0x0000000605400000| Untracked 
|   7|0x0000000605800000, 0x0000000605c00000, 0x0000000605c00000|100%| O|  |TAMS 0x0000000605c00000| PB 0x0000000605800000| Untracked 
|   8|0x0000000605c00000, 0x0000000605ffffe8, 0x0000000606000000| 99%| O|  |TAMS 0x0000000605ffffe8| PB 0x0000000605c00000| Untracked 
|   9|0x0000000606000000, 0x00000006063759c8, 0x0000000606400000| 86%| O|  |TAMS 0x00000006063759c8| PB 0x0000000606000000| Untracked 
|  10|0x0000000606400000, 0x00000006067fffa8, 0x0000000606800000| 99%| O|  |TAMS 0x00000006067fffa8| PB 0x0000000606400000| Untracked 
|  11|0x0000000606800000, 0x0000000606c00000, 0x0000000606c00000|100%| O|  |TAMS 0x0000000606c00000| PB 0x0000000606800000| Untracked 
|  12|0x0000000606c00000, 0x0000000606cf2b58, 0x0000000607000000| 23%| O|  |TAMS 0x0000000606cf2b58| PB 0x0000000606c00000| Untracked 
|  13|0x0000000607000000, 0x000000060730dad0, 0x0000000607400000| 76%| O|  |TAMS 0x000000060730dad0| PB 0x0000000607000000| Untracked 
|  14|0x0000000607400000, 0x0000000607400000, 0x0000000607800000|  0%| F|  |TAMS 0x0000000607400000| PB 0x0000000607400000| Untracked 
|  15|0x0000000607800000, 0x0000000607800000, 0x0000000607c00000|  0%| F|  |TAMS 0x0000000607800000| PB 0x0000000607800000| Untracked 
|  16|0x0000000607c00000, 0x0000000607e8e4c0, 0x0000000608000000| 63%| S|  |TAMS 0x0000000607c00000| PB 0x0000000607c00000| Complete 
|  17|0x0000000608000000, 0x0000000608400000, 0x0000000608400000|100%| S|  |TAMS 0x0000000608000000| PB 0x0000000608000000| Complete 
|  18|0x0000000608400000, 0x0000000608800000, 0x0000000608800000|100%| S|  |TAMS 0x0000000608400000| PB 0x0000000608400000| Complete 
|  19|0x0000000608800000, 0x0000000608c00000, 0x0000000608c00000|100%| E|CS|TAMS 0x0000000608800000| PB 0x0000000608800000| Complete 
|  20|0x0000000608c00000, 0x0000000609000000, 0x0000000609000000|100%| E|CS|TAMS 0x0000000608c00000| PB 0x0000000608c00000| Complete 
|  21|0x0000000609000000, 0x00000006093693f0, 0x0000000609400000| 85%| E|CS|TAMS 0x0000000609000000| PB 0x0000000609000000| Complete 
|  22|0x0000000609400000, 0x0000000609800000, 0x0000000609800000|100%| E|CS|TAMS 0x0000000609400000| PB 0x0000000609400000| Complete 
|  23|0x0000000609800000, 0x0000000609c00000, 0x0000000609c00000|100%| E|CS|TAMS 0x0000000609800000| PB 0x0000000609800000| Complete 
|  24|0x0000000609c00000, 0x000000060a000000, 0x000000060a000000|100%| E|CS|TAMS 0x0000000609c00000| PB 0x0000000609c00000| Complete 
|  25|0x000000060a000000, 0x000000060a400000, 0x000000060a400000|100%| E|CS|TAMS 0x000000060a000000| PB 0x000000060a000000| Complete 
|  26|0x000000060a400000, 0x000000060a800000, 0x000000060a800000|100%| E|CS|TAMS 0x000000060a400000| PB 0x000000060a400000| Complete 
|  27|0x000000060a800000, 0x000000060ac00000, 0x000000060ac00000|100%| E|CS|TAMS 0x000000060a800000| PB 0x000000060a800000| Complete 
|  28|0x000000060ac00000, 0x000000060b000000, 0x000000060b000000|100%| E|CS|TAMS 0x000000060ac00000| PB 0x000000060ac00000| Complete 
|  29|0x000000060b000000, 0x000000060b400000, 0x000000060b400000|100%| E|CS|TAMS 0x000000060b000000| PB 0x000000060b000000| Complete 
|  30|0x000000060b400000, 0x000000060b800000, 0x000000060b800000|100%| E|CS|TAMS 0x000000060b400000| PB 0x000000060b400000| Complete 
|  31|0x000000060b800000, 0x000000060bc00000, 0x000000060bc00000|100%| E|CS|TAMS 0x000000060b800000| PB 0x000000060b800000| Complete 
|  32|0x000000060bc00000, 0x000000060c000000, 0x000000060c000000|100%| E|CS|TAMS 0x000000060bc00000| PB 0x000000060bc00000| Complete 
|  33|0x000000060c000000, 0x000000060c400000, 0x000000060c400000|100%| E|CS|TAMS 0x000000060c000000| PB 0x000000060c000000| Complete 
|  34|0x000000060c400000, 0x000000060c800000, 0x000000060c800000|100%| E|CS|TAMS 0x000000060c400000| PB 0x000000060c400000| Complete 
|  35|0x000000060c800000, 0x000000060cc00000, 0x000000060cc00000|100%| E|CS|TAMS 0x000000060c800000| PB 0x000000060c800000| Complete 
|  36|0x000000060cc00000, 0x000000060d000000, 0x000000060d000000|100%| E|CS|TAMS 0x000000060cc00000| PB 0x000000060cc00000| Complete 
|  37|0x000000060d000000, 0x000000060d400000, 0x000000060d400000|100%| E|CS|TAMS 0x000000060d000000| PB 0x000000060d000000| Complete 
|  38|0x000000060d400000, 0x000000060d800000, 0x000000060d800000|100%| E|CS|TAMS 0x000000060d400000| PB 0x000000060d400000| Complete 
|  39|0x000000060d800000, 0x000000060dc00000, 0x000000060dc00000|100%| E|CS|TAMS 0x000000060d800000| PB 0x000000060d800000| Complete 
|  40|0x000000060dc00000, 0x000000060e000000, 0x000000060e000000|100%| E|CS|TAMS 0x000000060dc00000| PB 0x000000060dc00000| Complete 
|  41|0x000000060e000000, 0x000000060e400000, 0x000000060e400000|100%| E|CS|TAMS 0x000000060e000000| PB 0x000000060e000000| Complete 
|  42|0x000000060e400000, 0x000000060e800000, 0x000000060e800000|100%| E|CS|TAMS 0x000000060e400000| PB 0x000000060e400000| Complete 
|  43|0x000000060e800000, 0x000000060ec00000, 0x000000060ec00000|100%| E|CS|TAMS 0x000000060e800000| PB 0x000000060e800000| Complete 
|  44|0x000000060ec00000, 0x000000060f000000, 0x000000060f000000|100%| E|CS|TAMS 0x000000060ec00000| PB 0x000000060ec00000| Complete 
|  45|0x000000060f000000, 0x000000060f400000, 0x000000060f400000|100%| E|CS|TAMS 0x000000060f000000| PB 0x000000060f000000| Complete 
|  46|0x000000060f400000, 0x000000060f800000, 0x000000060f800000|100%| E|CS|TAMS 0x000000060f400000| PB 0x000000060f400000| Complete 

Card table byte_map: [0x000002a198d50000,0x000002a199d40000] _byte_map_base: 0x000002a195d32000

Marking Bits: (CMBitMap*) 0x000002a18c32ca00
 Bits: [0x000002a199d40000, 0x000002a1a1c50000)

Polling page: 0x000002a18ba60000

Metaspace:

Usage:
  Non-class:     80.24 MB used.
      Class:     12.90 MB used.
       Both:     93.14 MB used.

Virtual space:
  Non-class space:      128.00 MB reserved,      80.75 MB ( 63%) committed,  2 nodes.
      Class space:        1.00 GB reserved,      13.25 MB (  1%) committed,  1 nodes.
             Both:        1.12 GB reserved,      94.00 MB (  8%) committed. 

Chunk freelists:
   Non-Class:  14.86 MB
       Class:  2.69 MB
        Both:  17.55 MB

MaxMetaspaceSize: unlimited
CompressedClassSpaceSize: 1.00 GB
Initial GC threshold: 21.00 MB
Current GC threshold: 156.56 MB
CDS: on
 - commit_granule_bytes: 65536.
 - commit_granule_words: 8192.
 - virtual_space_node_default_size: 8388608.
 - enlarge_chunks_in_place: 1.
 - use_allocation_guard: 0.


Internal statistics:

num_allocs_failed_limit: 9.
num_arena_births: 2456.
num_arena_deaths: 1296.
num_vsnodes_births: 3.
num_vsnodes_deaths: 0.
num_space_committed: 1504.
num_space_uncommitted: 0.
num_chunks_returned_to_freelist: 1526.
num_chunks_taken_from_freelist: 6512.
num_chunk_merges: 284.
num_chunk_splits: 3956.
num_chunks_enlarged: 3018.
num_inconsistent_stats: 0.

CodeCache: size=49152Kb used=20857Kb max_used=30785Kb free=28294Kb
 bounds [0x000002a1946f0000, 0x000002a196510000, 0x000002a1976f0000]
 total_blobs=10240 nmethods=9444 adapters=716
 compilation: enabled
              stopped_count=0, restarted_count=0
 full_count=0

Compilation events (20 events):
Event: 4841.731 Thread 0x000002a1eee82840 nmethod 52086 0x000002a19489ff10 code [0x000002a1948a0180, 0x000002a1948a0860]
Event: 4841.732 Thread 0x000002a1eee83cb0 52088       1       org.springframework.beans.factory.config.RuntimeBeanReference::getBeanName (5 bytes)
Event: 4841.732 Thread 0x000002a1eee83cb0 nmethod 52088 0x000002a19491a910 code [0x000002a19491aaa0, 0x000002a19491ab70]
Event: 4841.733 Thread 0x000002a1a1eea4d0 nmethod 52087 0x000002a1949d3e90 code [0x000002a1949d4280, 0x000002a1949d6068]
Event: 4841.745 Thread 0x000002a1a1eea4d0 52089       1       org.springframework.data.util.AnnotationDetectionMethodCallback::doWith (91 bytes)
Event: 4841.746 Thread 0x000002a1a1eea4d0 nmethod 52089 0x000002a194a1c810 code [0x000002a194a1ca80, 0x000002a194a1d440]
Event: 4841.746 Thread 0x000002a1eee82170 52090       1       org.springframework.data.repository.query.QueryMethod::getParameters (5 bytes)
Event: 4841.747 Thread 0x000002a1eee82170 nmethod 52090 0x000002a19496bb10 code [0x000002a19496bca0, 0x000002a19496bd70]
Event: 4841.747 Thread 0x000002a1eee82170 52091       1       java.util.regex.Pattern::group0 (1098 bytes)
Event: 4841.747 Thread 0x000002a1eee87330 52092       1       java.util.regex.Pattern::read (33 bytes)
Event: 4841.747 Thread 0x000002a1eee87330 nmethod 52092 0x000002a194a68a10 code [0x000002a194a68bc0, 0x000002a194a68d20]
Event: 4841.747 Thread 0x000002a1eee81aa0 52093       1       org.hibernate.metamodel.model.domain.internal.AbstractSqmPathSource::getPathName (5 bytes)
Event: 4841.747 Thread 0x000002a1eee81aa0 nmethod 52093 0x000002a194975890 code [0x000002a194975a20, 0x000002a194975af0]
Event: 4841.747 Thread 0x000002a1eee80630 52094       1       java.lang.reflect.Proxy$ProxyBuilder::validateProxyInterfaces (259 bytes)
Event: 4841.749 Thread 0x000002a1eee80630 nmethod 52094 0x000002a194a3ea10 code [0x000002a194a3ee20, 0x000002a194a3fcc8]
Event: 4841.750 Thread 0x000002a1eee82170 nmethod 52091 0x000002a19543f710 code [0x000002a19543fdc0, 0x000002a195443008]
Event: 4841.753 Thread 0x000002a1eee81aa0 52095   !   1       org.springframework.beans.factory.support.DefaultSingletonBeanRegistry::addSingleton (65 bytes)
Event: 4841.753 Thread 0x000002a1eee81aa0 nmethod 52095 0x000002a194939d90 code [0x000002a194939f80, 0x000002a19493a2a8]
Event: 4841.753 Thread 0x000002a1eee81aa0 52096   !   1       jdk.proxy2.$Proxy27::annotationType (29 bytes)
Event: 4841.753 Thread 0x000002a1eee81aa0 nmethod 52096 0x000002a1948ad290 code [0x000002a1948ad460, 0x000002a1948ad6d0]

GC Heap History (20 events):
Event: 4817.785 GC heap after
{Heap after GC invocations=699 (full 3):
 garbage-first heap   total 192512K, used 68171K [0x0000000603c00000, 0x0000000800000000)
  region size 4096K, 3 young (12288K), 3 survivors (12288K)
 Metaspace       used 94381K, committed 95168K, reserved 1179648K
  class space    used 13095K, committed 13440K, reserved 1048576K
}
Event: 4825.195 GC heap before
{Heap before GC invocations=699 (full 3):
 garbage-first heap   total 192512K, used 162379K [0x0000000603c00000, 0x0000000800000000)
  region size 4096K, 26 young (106496K), 3 survivors (12288K)
 Metaspace       used 94381K, committed 95168K, reserved 1179648K
  class space    used 13095K, committed 13440K, reserved 1048576K
}
Event: 4825.202 GC heap after
{Heap after GC invocations=700 (full 3):
 garbage-first heap   total 192512K, used 68706K [0x0000000603c00000, 0x0000000800000000)
  region size 4096K, 1 young (4096K), 1 survivors (4096K)
 Metaspace       used 94381K, committed 95168K, reserved 1179648K
  class space    used 13095K, committed 13440K, reserved 1048576K
}
Event: 4831.988 GC heap before
{Heap before GC invocations=700 (full 3):
 garbage-first heap   total 192512K, used 175202K [0x0000000603c00000, 0x0000000800000000)
  region size 4096K, 27 young (110592K), 1 survivors (4096K)
 Metaspace       used 94381K, committed 95168K, reserved 1179648K
  class space    used 13095K, committed 13440K, reserved 1048576K
}
Event: 4831.989 GC heap after
{Heap after GC invocations=701 (full 3):
 garbage-first heap   total 192512K, used 67473K [0x0000000603c00000, 0x0000000800000000)
  region size 4096K, 1 young (4096K), 1 survivors (4096K)
 Metaspace       used 94381K, committed 95168K, reserved 1179648K
  class space    used 13095K, committed 13440K, reserved 1048576K
}
Event: 4839.875 GC heap before
{Heap before GC invocations=701 (full 3):
 garbage-first heap   total 192512K, used 173969K [0x0000000603c00000, 0x0000000800000000)
  region size 4096K, 27 young (110592K), 1 survivors (4096K)
 Metaspace       used 94416K, committed 95232K, reserved 1179648K
  class space    used 13095K, committed 13440K, reserved 1048576K
}
Event: 4839.879 GC heap after
{Heap after GC invocations=702 (full 3):
 garbage-first heap   total 192512K, used 74303K [0x0000000603c00000, 0x0000000800000000)
  region size 4096K, 3 young (12288K), 3 survivors (12288K)
 Metaspace       used 94416K, committed 95232K, reserved 1179648K
  class space    used 13095K, committed 13440K, reserved 1048576K
}
Event: 4839.914 GC heap before
{Heap before GC invocations=702 (full 3):
 garbage-first heap   total 192512K, used 74303K [0x0000000603c00000, 0x0000000800000000)
  region size 4096K, 4 young (16384K), 3 survivors (12288K)
 Metaspace       used 94455K, committed 95296K, reserved 1179648K
  class space    used 13102K, committed 13440K, reserved 1048576K
}
Event: 4840.007 GC heap after
{Heap after GC invocations=703 (full 4):
 garbage-first heap   total 192512K, used 47734K [0x0000000603c00000, 0x0000000800000000)
  region size 4096K, 0 young (0K), 0 survivors (0K)
 Metaspace       used 94407K, committed 95296K, reserved 1179648K
  class space    used 13089K, committed 13440K, reserved 1048576K
}
Event: 4840.030 GC heap before
{Heap before GC invocations=703 (full 4):
 garbage-first heap   total 192512K, used 51830K [0x0000000603c00000, 0x0000000800000000)
  region size 4096K, 2 young (8192K), 0 survivors (0K)
 Metaspace       used 94418K, committed 95296K, reserved 1179648K
  class space    used 13092K, committed 13440K, reserved 1048576K
}
Event: 4840.032 GC heap after
{Heap after GC invocations=704 (full 4):
 garbage-first heap   total 192512K, used 49240K [0x0000000603c00000, 0x0000000800000000)
  region size 4096K, 1 young (4096K), 1 survivors (4096K)
 Metaspace       used 94418K, committed 95296K, reserved 1179648K
  class space    used 13092K, committed 13440K, reserved 1048576K
}
Event: 4840.969 GC heap before
{Heap before GC invocations=705 (full 4):
 garbage-first heap   total 192512K, used 127064K [0x0000000603c00000, 0x0000000800000000)
  region size 4096K, 21 young (86016K), 1 survivors (4096K)
 Metaspace       used 94938K, committed 95872K, reserved 1179648K
  class space    used 13168K, committed 13568K, reserved 1048576K
}
Event: 4840.974 GC heap after
{Heap after GC invocations=706 (full 4):
 garbage-first heap   total 192512K, used 56763K [0x0000000603c00000, 0x0000000800000000)
  region size 4096K, 3 young (12288K), 3 survivors (12288K)
 Metaspace       used 94938K, committed 95872K, reserved 1179648K
  class space    used 13168K, committed 13568K, reserved 1048576K
}
Event: 4841.639 GC heap before
{Heap before GC invocations=707 (full 4):
 garbage-first heap   total 192512K, used 104993K [0x0000000603c00000, 0x0000000800000000)
  region size 4096K, 16 young (65536K), 3 survivors (12288K)
 Metaspace       used 95265K, committed 96128K, reserved 1179648K
  class space    used 13206K, committed 13568K, reserved 1048576K
}
Event: 4841.644 GC heap after
{Heap after GC invocations=708 (full 4):
 garbage-first heap   total 192512K, used 57788K [0x0000000603c00000, 0x0000000800000000)
  region size 4096K, 2 young (8192K), 2 survivors (8192K)
 Metaspace       used 95265K, committed 96128K, reserved 1179648K
  class space    used 13206K, committed 13568K, reserved 1048576K
}
Event: 4850.114 GC heap before
{Heap before GC invocations=709 (full 4):
 garbage-first heap   total 192512K, used 151996K [0x0000000603c00000, 0x0000000800000000)
  region size 4096K, 26 young (106496K), 2 survivors (8192K)
 Metaspace       used 95368K, committed 96256K, reserved 1179648K
  class space    used 13211K, committed 13568K, reserved 1048576K
}
Event: 4850.117 GC heap after
{Heap after GC invocations=710 (full 4):
 garbage-first heap   total 192512K, used 59972K [0x0000000603c00000, 0x0000000800000000)
  region size 4096K, 2 young (8192K), 2 survivors (8192K)
 Metaspace       used 95368K, committed 96256K, reserved 1179648K
  class space    used 13211K, committed 13568K, reserved 1048576K
}
Event: 4859.881 GC heap before
{Heap before GC invocations=710 (full 4):
 garbage-first heap   total 192512K, used 158276K [0x0000000603c00000, 0x0000000800000000)
  region size 4096K, 26 young (106496K), 2 survivors (8192K)
 Metaspace       used 95368K, committed 96256K, reserved 1179648K
  class space    used 13211K, committed 13568K, reserved 1048576K
}
Event: 4859.885 GC heap after
{Heap after GC invocations=711 (full 4):
 garbage-first heap   total 192512K, used 60193K [0x0000000603c00000, 0x0000000800000000)
  region size 4096K, 2 young (8192K), 2 survivors (8192K)
 Metaspace       used 95368K, committed 96256K, reserved 1179648K
  class space    used 13211K, committed 13568K, reserved 1048576K
}
Event: 4870.505 GC heap before
{Heap before GC invocations=711 (full 4):
 garbage-first heap   total 192512K, used 166689K [0x0000000603c00000, 0x0000000800000000)
  region size 4096K, 28 young (114688K), 2 survivors (8192K)
 Metaspace       used 95376K, committed 96256K, reserved 1179648K
  class space    used 13211K, committed 13568K, reserved 1048576K
}

Dll operation events (12 events):
Event: 0.009 Loaded shared library D:\JDK\JDK Development Kit 21.0.1\bin\java.dll
Event: 0.305 Loaded shared library D:\JDK\JDK Development Kit 21.0.1\bin\zip.dll
Event: 0.307 Loaded shared library D:\JDK\JDK Development Kit 21.0.1\bin\instrument.dll
Event: 0.311 Loaded shared library D:\JDK\JDK Development Kit 21.0.1\bin\net.dll
Event: 0.312 Loaded shared library D:\JDK\JDK Development Kit 21.0.1\bin\nio.dll
Event: 0.320 Loaded shared library D:\JDK\JDK Development Kit 21.0.1\bin\zip.dll
Event: 0.465 Loaded shared library D:\JDK\JDK Development Kit 21.0.1\bin\jimage.dll
Event: 0.500 Loaded shared library D:\JDK\JDK Development Kit 21.0.1\bin\management.dll
Event: 0.508 Loaded shared library D:\JDK\JDK Development Kit 21.0.1\bin\management_ext.dll
Event: 0.667 Loaded shared library D:\JDK\JDK Development Kit 21.0.1\bin\extnet.dll
Event: 0.685 Loaded shared library D:\JDK\JDK Development Kit 21.0.1\bin\verify.dll
Event: 1.964 Loaded shared library D:\JDK\JDK Development Kit 21.0.1\bin\sunmscapi.dll

Deoptimization events (20 events):
Event: 4841.754 Thread 0x000002a1f473b200 DEOPT PACKING pc=0x000002a194c5296c sp=0x000000ae643fcf80
Event: 4841.754 Thread 0x000002a1f473b200 DEOPT UNPACKING pc=0x000002a194744e42 sp=0x000000ae643fc4b8 mode 1
Event: 4841.754 Thread 0x000002a1f473b200 DEOPT PACKING pc=0x000002a194c51a0c sp=0x000000ae643fd070
Event: 4841.754 Thread 0x000002a1f473b200 DEOPT UNPACKING pc=0x000002a194744e42 sp=0x000000ae643fc620 mode 1
Event: 4841.754 Thread 0x000002a1f473b200 DEOPT PACKING pc=0x000002a194c501cc sp=0x000000ae643fd1e0
Event: 4841.754 Thread 0x000002a1f473b200 DEOPT UNPACKING pc=0x000002a194744e42 sp=0x000000ae643fc7a0 mode 1
Event: 4841.754 Thread 0x000002a1f473b200 DEOPT PACKING pc=0x000002a194c5296c sp=0x000000ae643fcf80
Event: 4841.754 Thread 0x000002a1f473b200 DEOPT UNPACKING pc=0x000002a194744e42 sp=0x000000ae643fc4b8 mode 1
Event: 4841.754 Thread 0x000002a1f473b200 DEOPT PACKING pc=0x000002a194c51a0c sp=0x000000ae643fd070
Event: 4841.754 Thread 0x000002a1f473b200 DEOPT UNPACKING pc=0x000002a194744e42 sp=0x000000ae643fc620 mode 1
Event: 4841.754 Thread 0x000002a1f473b200 DEOPT PACKING pc=0x000002a194c501cc sp=0x000000ae643fd1e0
Event: 4841.754 Thread 0x000002a1f473b200 DEOPT UNPACKING pc=0x000002a194744e42 sp=0x000000ae643fc7a0 mode 1
Event: 4841.754 Thread 0x000002a1f473b200 DEOPT PACKING pc=0x000002a194c5296c sp=0x000000ae643fd070
Event: 4841.754 Thread 0x000002a1f473b200 DEOPT UNPACKING pc=0x000002a194744e42 sp=0x000000ae643fc5a8 mode 1
Event: 4841.754 Thread 0x000002a1f473b200 DEOPT PACKING pc=0x000002a194c51a0c sp=0x000000ae643fd160
Event: 4841.754 Thread 0x000002a1f473b200 DEOPT UNPACKING pc=0x000002a194744e42 sp=0x000000ae643fc710 mode 1
Event: 4841.754 Thread 0x000002a1f473b200 DEOPT PACKING pc=0x000002a194c501cc sp=0x000000ae643fd2d0
Event: 4841.754 Thread 0x000002a1f473b200 DEOPT UNPACKING pc=0x000002a194744e42 sp=0x000000ae643fc890 mode 1
Event: 4864.018 Thread 0x000002a1f473b200 DEOPT PACKING pc=0x000002a194be60b4 sp=0x000000ae643fe120
Event: 4864.018 Thread 0x000002a1f473b200 DEOPT UNPACKING pc=0x000002a194744e42 sp=0x000000ae643fd5d8 mode 0

Classes loaded (20 events):
Event: 3484.617 Loading class java/security/cert/CertPathValidatorResult done
Event: 3484.617 Loading class java/security/cert/PKIXCertPathValidatorResult done
Event: 3484.617 Loading class sun/security/validator/CADistrustPolicy
Event: 3484.618 Loading class sun/security/validator/CADistrustPolicy done
Event: 3484.618 Loading class sun/security/validator/CADistrustPolicy$1
Event: 3484.618 Loading class sun/security/validator/CADistrustPolicy$1 done
Event: 3484.618 Loading class sun/security/validator/CADistrustPolicy$2
Event: 3484.618 Loading class sun/security/validator/CADistrustPolicy$2 done
Event: 3484.618 Loading class sun/security/validator/SymantecTLSPolicy
Event: 3484.618 Loading class sun/security/validator/SymantecTLSPolicy done
Event: 3484.620 Loading class sun/security/util/math/IntegerModuloP$MultiplicativeInverser$Secp256R1Field
Event: 3484.620 Loading class sun/security/util/math/IntegerModuloP$MultiplicativeInverser$Secp256R1Field done
Event: 3484.623 Loading class sun/security/util/HostnameChecker
Event: 3484.623 Loading class sun/security/util/HostnameChecker done
Event: 3485.341 Loading class sun/nio/cs/ISO_8859_1$Encoder
Event: 3485.341 Loading class sun/nio/cs/ISO_8859_1$Encoder done
Event: 3485.341 Loading class sun/nio/cs/Surrogate$Parser
Event: 3485.342 Loading class sun/nio/cs/Surrogate$Parser done
Event: 3485.342 Loading class sun/nio/cs/Surrogate
Event: 3485.342 Loading class sun/nio/cs/Surrogate done

Classes unloaded (20 events):
Event: 4839.934 Thread 0x000002a1a1eb9f40 Unloading class 0x000002a1a6cbbc00 'java/lang/invoke/LambdaForm$MH+0x000002a1a6cbbc00'
Event: 4839.934 Thread 0x000002a1a1eb9f40 Unloading class 0x000002a1a6cc0000 'java/lang/invoke/LambdaForm$MH+0x000002a1a6cc0000'
Event: 4839.934 Thread 0x000002a1a1eb9f40 Unloading class 0x000002a1a6100800 'java/lang/invoke/LambdaForm$MH+0x000002a1a6100800'
Event: 4839.934 Thread 0x000002a1a1eb9f40 Unloading class 0x000002a1a6431000 'java/lang/invoke/LambdaForm$MH+0x000002a1a6431000'
Event: 4839.934 Thread 0x000002a1a1eb9f40 Unloading class 0x000002a1a613bc00 'java/lang/invoke/LambdaForm$MH+0x000002a1a613bc00'
Event: 4839.934 Thread 0x000002a1a1eb9f40 Unloading class 0x000002a1a6143800 'java/lang/invoke/LambdaForm$MH+0x000002a1a6143800'
Event: 4839.934 Thread 0x000002a1a1eb9f40 Unloading class 0x000002a1a64cbc00 'java/lang/invoke/LambdaForm$MH+0x000002a1a64cbc00'
Event: 4839.934 Thread 0x000002a1a1eb9f40 Unloading class 0x000002a1a64d0c00 'java/lang/invoke/LambdaForm$MH+0x000002a1a64d0c00'
Event: 4839.934 Thread 0x000002a1a1eb9f40 Unloading class 0x000002a1a6007c00 'java/lang/invoke/LambdaForm$MH+0x000002a1a6007c00'
Event: 4839.934 Thread 0x000002a1a1eb9f40 Unloading class 0x000002a1a6008000 'java/lang/invoke/LambdaForm$MH+0x000002a1a6008000'
Event: 4839.934 Thread 0x000002a1a1eb9f40 Unloading class 0x000002a1a6140c00 'java/lang/invoke/LambdaForm$MH+0x000002a1a6140c00'
Event: 4839.934 Thread 0x000002a1a1eb9f40 Unloading class 0x000002a1a61d8800 'java/lang/invoke/LambdaForm$MH+0x000002a1a61d8800'
Event: 4839.934 Thread 0x000002a1a1eb9f40 Unloading class 0x000002a1a6390000 'java/lang/invoke/LambdaForm$MH+0x000002a1a6390000'
Event: 4839.934 Thread 0x000002a1a1eb9f40 Unloading class 0x000002a1a6ce1000 'java/lang/invoke/LambdaForm$MH+0x000002a1a6ce1000'
Event: 4839.934 Thread 0x000002a1a1eb9f40 Unloading class 0x000002a1a6cff800 'java/lang/invoke/LambdaForm$MH+0x000002a1a6cff800'
Event: 4839.934 Thread 0x000002a1a1eb9f40 Unloading class 0x000002a1a6d00c00 'java/lang/invoke/LambdaForm$MH+0x000002a1a6d00c00'
Event: 4839.934 Thread 0x000002a1a1eb9f40 Unloading class 0x000002a1a6cc4c00 'java/lang/invoke/LambdaForm$MH+0x000002a1a6cc4c00'
Event: 4839.934 Thread 0x000002a1a1eb9f40 Unloading class 0x000002a1a6cc3c00 'java/lang/invoke/LambdaForm$DMH+0x000002a1a6cc3c00'
Event: 4839.934 Thread 0x000002a1a1eb9f40 Unloading class 0x000002a1a6cbac00 'java/lang/invoke/LambdaForm$MH+0x000002a1a6cbac00'
Event: 4839.934 Thread 0x000002a1a1eb9f40 Unloading class 0x000002a1a642cc00 'java/lang/invoke/LambdaForm$MH+0x000002a1a642cc00'

Classes redefined (4 events):
Event: 545.541 Thread 0x000002a1a1eb9f40 redefined class name=com.project.AzCar.Config.SecurityConfig, count=1
Event: 545.541 Thread 0x000002a1a1eb9f40 redefined class name=com.project.AzCar.Config.SecurityConfig, count=1
Event: 545.541 Thread 0x000002a1a1eb9f40 redefined class name=com.project.AzCar.Config.SecurityConfig, count=1
Event: 545.541 Thread 0x000002a1a1eb9f40 redefined class name=com.project.AzCar.Config.SecurityConfig, count=1

Internal exceptions (20 events):
Event: 3483.731 Thread 0x000002a1eb563990 Exception <a 'java/io/FileNotFoundException'{0x0000000609305260}> (0x0000000609305260) 
thrown [s\open\src\hotspot\share\prims\jni.cpp, line 520]
Event: 3483.749 Thread 0x000002a1eb563990 Exception <a 'java/io/FileNotFoundException'{0x0000000608cd5b40}> (0x0000000608cd5b40) 
thrown [s\open\src\hotspot\share\prims\jni.cpp, line 520]
Event: 3485.338 Thread 0x000002a1eb563990 Exception <a 'java/io/FileNotFoundException'{0x000000060da01f58}> (0x000000060da01f58) 
thrown [s\open\src\hotspot\share\prims\jni.cpp, line 520]
Event: 3485.338 Thread 0x000002a1eb563990 Exception <a 'java/io/FileNotFoundException'{0x000000060da0d488}> (0x000000060da0d488) 
thrown [s\open\src\hotspot\share\prims\jni.cpp, line 520]
Event: 4839.911 Thread 0x000002a1f473c5b0 Exception <a 'java/lang/NoSuchMethodError'{0x000000060f737138}: static [Ljava/lang/String;.<clinit>()V> (0x000000060f737138) 
thrown [s\open\src\hotspot\share\prims\jni.cpp, line 1106]
Event: 4839.913 Thread 0x000002a1e6e8ccf0 Exception <a 'java/lang/InterruptedException'{0x000000060f7764b8}: sleep interrupted> (0x000000060f7764b8) 
thrown [s\open\src\hotspot\share\prims\jvm.cpp, line 3074]
Event: 4840.024 Thread 0x000002a1f473b200 Exception <a 'sun/nio/fs/WindowsException'{0x000000060f6a9f50}> (0x000000060f6a9f50) 
thrown [s\open\src\hotspot\share\prims\jni.cpp, line 520]
Event: 4840.675 Thread 0x000002a1f473b200 Exception <a 'java/lang/NoClassDefFoundError'{0x000000060bcbc418}: org/flywaydb/core/Flyway> (0x000000060bcbc418) 
thrown [s\open\src\hotspot\share\oops\constantPool.cpp, line 871]
Event: 4840.676 Thread 0x000002a1f473b200 Exception <a 'java/lang/NoClassDefFoundError'{0x000000060bcbca78}: liquibase/integration/spring/SpringLiquibase> (0x000000060bcbca78) 
thrown [s\open\src\hotspot\share\oops\constantPool.cpp, line 871]
Event: 4840.679 Thread 0x000002a1f473b200 Exception <a 'java/lang/NoClassDefFoundError'{0x000000060bce56c8}: org/springframework/batch/core/repository/JobRepository> (0x000000060bce56c8) 
thrown [s\open\src\hotspot\share\oops\constantPool.cpp, line 871]
Event: 4840.680 Thread 0x000002a1f473b200 Exception <a 'java/lang/NoClassDefFoundError'{0x000000060bce5d20}: org/quartz/Scheduler> (0x000000060bce5d20) 
thrown [s\open\src\hotspot\share\oops\constantPool.cpp, line 871]
Event: 4840.681 Thread 0x000002a1f473b200 Exception <a 'java/lang/NoClassDefFoundError'{0x000000060bce63a0}: org/springframework/session/jdbc/JdbcIndexedSessionRepository> (0x000000060bce63a0) 
thrown [s\open\src\hotspot\share\oops\constantPool.cpp, line 871]
Event: 4840.688 Thread 0x000002a1f473b200 Exception <a 'java/lang/NoClassDefFoundError'{0x000000060bd6e868}: org/jooq/DSLContext> (0x000000060bd6e868) 
thrown [s\open\src\hotspot\share\oops\constantPool.cpp, line 871]
Event: 4840.702 Thread 0x000002a1f473b200 Exception <a 'java/lang/NoSuchMethodError'{0x000000060be69b38}: 'void java.lang.invoke.DelegatingMethodHandle$Holder.reinvoke_L(java.lang.Object, java.lang.Object, int)'> (0x000000060be69b38) 
thrown [s\open\src\hotspot\share\interpreter\linkResolver.cpp, line 773]
Event: 4840.775 Thread 0x000002a1f473b200 Exception <a 'java/lang/NoSuchMethodError'{0x000000060b077500}: 'int java.lang.invoke.DirectMethodHandle$Holder.invokeVirtual(java.lang.Object, java.lang.Object, java.lang.Object, java.lang.Object)'> (0x000000060b077500) 
thrown [s\open\src\hotspot\share\interpreter\linkResolver.cpp, line 773]
Event: 4840.776 Thread 0x000002a1f473b200 Exception <a 'java/lang/NoSuchMethodError'{0x000000060b07aac8}: 'int java.lang.invoke.DelegatingMethodHandle$Holder.reinvoke_L(java.lang.Object, java.lang.Object, java.lang.Object, java.lang.Object)'> (0x000000060b07aac8) 
thrown [s\open\src\hotspot\share\interpreter\linkResolver.cpp, line 773]
Event: 4840.796 Thread 0x000002a1f473b200 Exception <a 'java/io/FileNotFoundException'{0x000000060b11bb38}> (0x000000060b11bb38) 
thrown [s\open\src\hotspot\share\prims\jni.cpp, line 520]
Event: 4840.819 Thread 0x000002a1f473b200 Exception <a 'java/io/FileNotFoundException'{0x000000060b329e60}> (0x000000060b329e60) 
thrown [s\open\src\hotspot\share\prims\jni.cpp, line 520]
Event: 4841.420 Thread 0x000002a1f473b200 Exception <a 'java/lang/NoSuchMethodError'{0x000000060dbd6748}: 'long java.lang.invoke.DelegatingMethodHandle$Holder.reinvoke_L(java.lang.Object, java.lang.Object)'> (0x000000060dbd6748) 
thrown [s\open\src\hotspot\share\interpreter\linkResolver.cpp, line 773]
Event: 4841.421 Thread 0x000002a1f473b200 Exception <a 'java/lang/NoSuchMethodError'{0x000000060dbdd008}: 'void java.lang.invoke.DelegatingMethodHandle$Holder.reinvoke_L(java.lang.Object, java.lang.Object, long)'> (0x000000060dbdd008) 
thrown [s\open\src\hotspot\share\interpreter\linkResolver.cpp, line 773]

ZGC Phase Switch (0 events):
No events

VM Operations (20 events):
Event: 4864.822 Executing VM operation: get/set locals done
Event: 4864.823 Executing VM operation: get/set locals
Event: 4864.823 Executing VM operation: get/set locals done
Event: 4864.824 Executing VM operation: get/set locals
Event: 4864.824 Executing VM operation: get/set locals done
Event: 4864.824 Executing VM operation: get/set locals
Event: 4864.825 Executing VM operation: get/set locals done
Event: 4864.825 Executing VM operation: get/set locals
Event: 4864.825 Executing VM operation: get/set locals done
Event: 4864.826 Executing VM operation: get/set locals
Event: 4864.826 Executing VM operation: get/set locals done
Event: 4864.827 Executing VM operation: get/set locals
Event: 4864.827 Executing VM operation: get/set locals done
Event: 4864.828 Executing VM operation: get/set locals
Event: 4864.828 Executing VM operation: get/set locals done
Event: 4864.828 Executing VM operation: get/set locals
Event: 4864.828 Executing VM operation: get/set locals done
Event: 4864.829 Executing VM operation: get/set locals
Event: 4864.829 Executing VM operation: get/set locals done
Event: 4870.505 Executing VM operation: G1CollectForAllocation (G1 Evacuation Pause)

Events (20 events):
Event: 4841.700 Thread 0x000002a1a1eb9f40 flushing nmethod 0x000002a1948f0b10
Event: 4841.700 Thread 0x000002a1a1eb9f40 flushing nmethod 0x000002a1948b3c10
Event: 4841.700 Thread 0x000002a1a1eb9f40 flushing nmethod 0x000002a1948da390
Event: 4841.700 Thread 0x000002a1a1eb9f40 flushing nmethod 0x000002a19489ff10
Event: 4841.700 Thread 0x000002a1a1eb9f40 flushing nmethod 0x000002a1948cd590
Event: 4841.700 Thread 0x000002a1a1eb9f40 flushing nmethod 0x000002a1948ae490
Event: 4841.700 Thread 0x000002a1a1eb9f40 flushing nmethod 0x000002a1948a1110
Event: 4841.700 Thread 0x000002a1a1eb9f40 flushing nmethod 0x000002a19480d390
Event: 4841.700 Thread 0x000002a1a1eb9f40 flushing nmethod 0x000002a1948ad290
Event: 4841.700 Thread 0x000002a1a1eb9f40 flushing nmethod 0x000002a19480b490
Event: 4846.320 Thread 0x000002a1f4739e50 Thread exited: 0x000002a1f4739e50
Event: 4846.757 Thread 0x000002a1eee82170 Thread exited: 0x000002a1eee82170
Event: 4846.757 Thread 0x000002a1eee83cb0 Thread exited: 0x000002a1eee83cb0
Event: 4851.770 Thread 0x000002a1eee80d00 Thread exited: 0x000002a1eee80d00
Event: 4851.770 Thread 0x000002a1eee81aa0 Thread exited: 0x000002a1eee81aa0
Event: 4856.781 Thread 0x000002a1eee84380 Thread exited: 0x000002a1eee84380
Event: 4861.796 Thread 0x000002a1eee80630 Thread exited: 0x000002a1eee80630
Event: 4861.796 Thread 0x000002a1eee82f10 Thread exited: 0x000002a1eee82f10
Event: 4866.804 Thread 0x000002a1eee82840 Thread exited: 0x000002a1eee82840
Event: 4866.804 Thread 0x000002a1eee87a00 Thread exited: 0x000002a1eee87a00


Dynamic libraries:
0x00007ff6323c0000 - 0x00007ff6323d0000 	D:\JDK\JDK Development Kit 21.0.1\bin\javaw.exe
0x00007ffa5bf30000 - 0x00007ffa5c146000 	C:\WINDOWS\SYSTEM32\ntdll.dll
0x00007ffa5a500000 - 0x00007ffa5a5c4000 	C:\WINDOWS\System32\KERNEL32.DLL
0x00007ffa598d0000 - 0x00007ffa59c76000 	C:\WINDOWS\System32\KERNELBASE.dll
0x00007ffa594b0000 - 0x00007ffa595c1000 	C:\WINDOWS\System32\ucrtbase.dll
0x00007ffa497b0000 - 0x00007ffa497cb000 	D:\JDK\JDK Development Kit 21.0.1\bin\VCRUNTIME140.dll
0x00007ffa50a90000 - 0x00007ffa50aa9000 	D:\JDK\JDK Development Kit 21.0.1\bin\jli.dll
0x00007ffa5a600000 - 0x00007ffa5a6b2000 	C:\WINDOWS\System32\ADVAPI32.dll
0x00007ffa5a440000 - 0x00007ffa5a4e7000 	C:\WINDOWS\System32\msvcrt.dll
0x00007ffa5bde0000 - 0x00007ffa5be88000 	C:\WINDOWS\System32\sechost.dll
0x00007ffa598a0000 - 0x00007ffa598c8000 	C:\WINDOWS\System32\bcrypt.dll
0x00007ffa59ea0000 - 0x00007ffa59fb5000 	C:\WINDOWS\System32\RPCRT4.dll
0x00007ffa5ab50000 - 0x00007ffa5acfd000 	C:\WINDOWS\System32\USER32.dll
0x00007ffa59800000 - 0x00007ffa59826000 	C:\WINDOWS\System32\win32u.dll
0x00007ffa2e060000 - 0x00007ffa2e2f3000 	C:\WINDOWS\WinSxS\amd64_microsoft.windows.common-controls_6595b64144ccf1df_6.0.22621.3235_none_270f74e173860f98\COMCTL32.dll
0x00007ffa5a5d0000 - 0x00007ffa5a5f9000 	C:\WINDOWS\System32\GDI32.dll
0x00007ffa59390000 - 0x00007ffa594a8000 	C:\WINDOWS\System32\gdi32full.dll
0x00007ffa59270000 - 0x00007ffa5930a000 	C:\WINDOWS\System32\msvcp_win.dll
0x00007ffa51750000 - 0x00007ffa5175a000 	C:\WINDOWS\SYSTEM32\VERSION.dll
0x00007ffa59e60000 - 0x00007ffa59e91000 	C:\WINDOWS\System32\IMM32.DLL
0x00007ffa541e0000 - 0x00007ffa541ec000 	D:\JDK\JDK Development Kit 21.0.1\bin\vcruntime140_1.dll
0x00007ffa1b400000 - 0x00007ffa1b48e000 	D:\JDK\JDK Development Kit 21.0.1\bin\msvcp140.dll
0x00007ff9e26e0000 - 0x00007ff9e33f5000 	D:\JDK\JDK Development Kit 21.0.1\bin\server\jvm.dll
0x00007ffa5aa50000 - 0x00007ffa5aac1000 	C:\WINDOWS\System32\WS2_32.dll
0x00007ffa580c0000 - 0x00007ffa5810d000 	C:\WINDOWS\SYSTEM32\POWRPROF.dll
0x00007ffa519a0000 - 0x00007ffa519d4000 	C:\WINDOWS\SYSTEM32\WINMM.dll
0x00007ffa580a0000 - 0x00007ffa580b3000 	C:\WINDOWS\SYSTEM32\UMPDC.dll
0x00007ffa58360000 - 0x00007ffa58378000 	C:\WINDOWS\SYSTEM32\kernel.appcore.dll
0x00007ffa51ad0000 - 0x00007ffa51ada000 	D:\JDK\JDK Development Kit 21.0.1\bin\jimage.dll
0x00007ffa56be0000 - 0x00007ffa56e13000 	C:\WINDOWS\SYSTEM32\DBGHELP.DLL
0x00007ffa5ba50000 - 0x00007ffa5bdd8000 	C:\WINDOWS\System32\combase.dll
0x00007ffa5a730000 - 0x00007ffa5a807000 	C:\WINDOWS\System32\OLEAUT32.dll
0x00007ffa50540000 - 0x00007ffa50572000 	C:\WINDOWS\SYSTEM32\dbgcore.DLL
0x00007ffa59310000 - 0x00007ffa5938a000 	C:\WINDOWS\System32\bcryptPrimitives.dll
0x00007ffa49720000 - 0x00007ffa4975c000 	D:\JDK\JDK Development Kit 21.0.1\bin\jdwp.dll
0x00007ffa4f830000 - 0x00007ffa4f83f000 	D:\JDK\JDK Development Kit 21.0.1\bin\instrument.dll
0x00007ffa49790000 - 0x00007ffa497af000 	D:\JDK\JDK Development Kit 21.0.1\bin\java.dll
0x00007ffa5b140000 - 0x00007ffa5b99d000 	C:\WINDOWS\System32\SHELL32.dll
0x00007ffa57180000 - 0x00007ffa57a78000 	C:\WINDOWS\SYSTEM32\windows.storage.dll
0x00007ffa57040000 - 0x00007ffa5717e000 	C:\WINDOWS\SYSTEM32\wintypes.dll
0x00007ffa5aec0000 - 0x00007ffa5afb3000 	C:\WINDOWS\System32\SHCORE.dll
0x00007ffa5aaf0000 - 0x00007ffa5ab4e000 	C:\WINDOWS\System32\shlwapi.dll
0x00007ffa591a0000 - 0x00007ffa591c6000 	C:\WINDOWS\SYSTEM32\profapi.dll
0x00007ffa3b530000 - 0x00007ffa3b53c000 	D:\JDK\JDK Development Kit 21.0.1\bin\dt_socket.dll
0x00007ffa57da0000 - 0x00007ffa57dcd000 	C:\WINDOWS\SYSTEM32\IPHLPAPI.DLL
0x00007ffa587d0000 - 0x00007ffa58839000 	C:\WINDOWS\system32\mswsock.dll
0x00007ffa57dd0000 - 0x00007ffa57ec9000 	C:\WINDOWS\SYSTEM32\DNSAPI.dll
0x00007ffa5a720000 - 0x00007ffa5a729000 	C:\WINDOWS\System32\NSI.dll
0x00007ffa50df0000 - 0x00007ffa50dfa000 	C:\Windows\System32\rasadhlp.dll
0x00007ffa51840000 - 0x00007ffa518c3000 	C:\WINDOWS\System32\fwpuclnt.dll
0x00007ffa1dec0000 - 0x00007ffa1ded8000 	D:\JDK\JDK Development Kit 21.0.1\bin\zip.dll
0x00007ffa37560000 - 0x00007ffa37570000 	D:\JDK\JDK Development Kit 21.0.1\bin\net.dll
0x00007ffa52d80000 - 0x00007ffa52eb7000 	C:\WINDOWS\SYSTEM32\WINHTTP.dll
0x00007ffa1dea0000 - 0x00007ffa1deb6000 	D:\JDK\JDK Development Kit 21.0.1\bin\nio.dll
0x00007ffa36bf0000 - 0x00007ffa36bfa000 	D:\JDK\JDK Development Kit 21.0.1\bin\management.dll
0x00007ffa36a50000 - 0x00007ffa36a5b000 	D:\JDK\JDK Development Kit 21.0.1\bin\management_ext.dll
0x00007ffa5aae0000 - 0x00007ffa5aae8000 	C:\WINDOWS\System32\PSAPI.DLL
0x00007ffa25960000 - 0x00007ffa25977000 	C:\WINDOWS\system32\napinsp.dll
0x00007ffa25940000 - 0x00007ffa2595b000 	C:\WINDOWS\system32\pnrpnsp.dll
0x00007ffa25920000 - 0x00007ffa25931000 	C:\WINDOWS\System32\winrnr.dll
0x00007ffa24650000 - 0x00007ffa24671000 	C:\WINDOWS\system32\nlansp_c.dll
0x00007ffa50a20000 - 0x00007ffa50a35000 	C:\WINDOWS\system32\wshbth.dll
0x00007ffa58b20000 - 0x00007ffa58b3b000 	C:\WINDOWS\SYSTEM32\CRYPTSP.dll
0x00007ffa582c0000 - 0x00007ffa582f5000 	C:\WINDOWS\system32\rsaenh.dll
0x00007ffa58870000 - 0x00007ffa5889c000 	C:\WINDOWS\SYSTEM32\USERENV.dll
0x00007ffa58b00000 - 0x00007ffa58b0c000 	C:\WINDOWS\SYSTEM32\CRYPTBASE.dll
0x00007ffa36a10000 - 0x00007ffa36a17000 	D:\JDK\JDK Development Kit 21.0.1\bin\extnet.dll
0x00007ffa348c0000 - 0x00007ffa348d0000 	D:\JDK\JDK Development Kit 21.0.1\bin\verify.dll
0x00007ffa2bed0000 - 0x00007ffa2bede000 	D:\JDK\JDK Development Kit 21.0.1\bin\sunmscapi.dll
0x00007ffa59690000 - 0x00007ffa597f6000 	C:\WINDOWS\System32\CRYPT32.dll
0x00007ffa58c10000 - 0x00007ffa58c3e000 	C:\WINDOWS\SYSTEM32\ncrypt.dll
0x00007ffa58bd0000 - 0x00007ffa58c07000 	C:\WINDOWS\SYSTEM32\NTASN1.dll
0x00007ffa40c80000 - 0x00007ffa40c88000 	C:\WINDOWS\system32\wshunix.dll

dbghelp: loaded successfully - version: 4.0.5 - missing functions: none
symbol engine: initialized successfully - sym options: 0x614 - pdb path: .;D:\JDK\JDK Development Kit 21.0.1\bin;C:\WINDOWS\SYSTEM32;C:\WINDOWS\WinSxS\amd64_microsoft.windows.common-controls_6595b64144ccf1df_6.0.22621.3235_none_270f74e173860f98;D:\JDK\JDK Development Kit 21.0.1\bin\server

VM Arguments:
jvm_args: -XX:+ShowCodeDetailsInExceptionMessages -agentlib:jdwp=transport=dt_socket,suspend=y,address=localhost:62370 -Dcom.sun.management.jmxremote -Dcom.sun.management.jmxremote.port=62369 -Dcom.sun.management.jmxremote.authenticate=false -Dcom.sun.management.jmxremote.ssl=false -Djava.rmi.server.hostname=localhost -Dspring.jmx.enabled=true -Dmanagement.endpoints.jmx.exposure.include=* -Dspring.application.admin.enabled=true -XX:TieredStopAtLevel=1 -Dspring.boot.project.name=AzCare-WebPortal -javaagent:D:\Program Files\SpringToolSuite-4.21.0.RELEASE\configuration\org.eclipse.osgi\258\0\.cp\lib\javaagent-shaded.jar -Dfile.encoding=windows-1252 -Dstdout.encoding=windows-1252 -Dstderr.encoding=windows-1252 
java_command: com.project.AzCar.Services.AzCarApplication --spring.output.ansi.enabled=always
java_class_path (initial): D:\project\AzCar\AzCare-WebPortal\bin\main;C:\Users\Le Du\.gradle\caches\modules-2\files-2.1\org.projectlombok\lombok\1.18.30\f195ee86e6c896ea47a1d39defbe20eb59cd149d\lombok-1.18.30.jar;C:\Users\Le Du\.gradle\caches\modules-2\files-2.1\org.springframework.boot\spring-boot-starter-data-jpa\3.2.1\3d48124f433375cf0113aa69603021635b55a21a\spring-boot-starter-data-jpa-3.2.1.jar;C:\Users\Le Du\.gradle\caches\modules-2\files-2.1\org.springframework.boot\spring-boot-starter-oauth2-client\3.2.1\bec8d29372f13c56cd3f1d7b4e3f510079ed1bfd\spring-boot-starter-oauth2-client-3.2.1.jar;C:\Users\Le Du\.gradle\caches\modules-2\files-2.1\org.springframework.boot\spring-boot-starter-security\3.2.1\86b7029d55fe7947ea7a93b4b1b38ff80bd045f8\spring-boot-starter-security-3.2.1.jar;C:\Users\Le Du\.gradle\caches\modules-2\files-2.1\org.springframework.boot\spring-boot-starter-thymeleaf\3.2.1\47e7961d0b77a14d4eb10807f7a0cf25bd68b1f2\spring-boot-starter-thymeleaf-3.2.1.jar;C:\Users\Le Du\.gradle\caches\modules-2\files-2.1\org.springframework.boot\spring-boot-starter-validation\3.2.1\54a35ea1de2c7de2c701e93740228240218cc9dd\spring-boot-starter-validation-3.2.1.jar;C:\Users\Le Du\.gradle\caches\modules-2\files-2.1\org.springframework.boot\spring-boot-starter-web\3.2.1\e27e36d4222fd4d589e634e1c7f5f09f0316147c\spring-boot-starter-web-3.2.1.jar;C:\Users\Le Du\.gradle\caches\modules-2\files-2.1\org.thymeleaf.extras\thymeleaf-extras-springsecurity6\3.1.2.RELEASE\574c188eb147191e2f162419e9fc780fcf3256d7\thymeleaf-extras-springsecurity6-3.1.2.RELEASE.jar;C:\Users\Le Du\.gradle\caches\modules-2\files-2.1\org.springframework.boot\spring-boot-starter-jdbc\3.2.1\e3de1c46cd238d55f0c2a5f5ea416fadce000318\spring-boot-starter-jdbc-3.2.1.jar;C:\Users\Le Du\.gradle\caches\modules-2\files-2.1\org.springframework.boot\spring-boot-starter-mail\3.2.3\f9094ea136cd4f67bdf14600049b972607fec465\spring-boot-starter-mail-3.2.3.jar;C:\Users\Le Du\.gradle\caches\modules-2\files-2.1\javax.mail\javax.mail-api\1.6.2\17a8151bab44f9c94f34c10db70d95ba3c830eda\javax.mail-api-1.6.2.jar;C:\Users\Le Du\.gradle\caches\modules-2\files-2.1\org.springframework.boot\spring-boot-starter-aop\3.2.1\e8daf5422a28d8b2e304a00090a8fe730bda0e6c\spring-boot-starter-aop-3.2.1.jar;C:\Users\Le Du\.gradle\caches\modules-2\files-2.1\org.hibernate.orm\hibernate-core\6.4.1.Final\3dcefddf6609e6491d37208bcc0cab1273598cbd\hibernate-core-6.4.1.Final.jar;C:\Users\Le Du\.gradle\caches\modules-2\files-2.1\org.springframework.data\spring-data-jpa\3.2.1\230869eb3094a2eb1cb0b077f7990e7f47062f53\spring-data-jpa-3.2.1.jar;C:\Users\Le Du\.gradle\caches\modules-2\files-2.1\org.springframework\spring-aspects\6.1.2\423247e0be90804888668ea16d7e7f0d9168a7b9\spring-aspects-6.1.2.jar;C:\Users\Le Du\.gradle\caches\modules-2\files-2.1\org.springframework.boot\spring-boot-starter-json\3.2.1\ecda50de20ab6d3c49ea30df4c1982048f5d31ac\spring-boot-starter-json-3.2.1.jar;C:\Users\Le Du\.gradle\caches\modules-2\files-2.1\org.springframework.boot\spring-boot-starter\3.2.1\bc03d7075fb9d9d4877218db48d5dae3dd72a65d\spring-boot-starter-3.2.1.jar;C:\Users\Le Du\.gradle\caches\modules-2\files-2.1\org.springframework.security\spring-security-config\6.2.1\119953fd2980d50e1119b913a8596e5e6bdc1295\spring-security-config-6.2.1.jar;C:\Users\Le Du\.gradle\caches\modules-2\files-2.1\org.springframework.security\spring-security-oauth2-client\6.2.1\1e78c49fa10f72acb7f40e34e9ced1216753792c\spring-security-oauth2-client-6.2.1.jar;C:\Users\Le Du\.gradle\caches\modules-2\files-2.1\org.springframework.security\spring-security-oauth2-jose\6.2.1\9bb10fe87a2dfff27075dd09586075645907b44d\spring-security-oauth2-jose-6.2.1.jar;C:\Users\Le Du\.gradle\caches\modules-2\files-2.1\org.springframework.security\spring-security-web\6.2.1\4b486977ab1bcdd5dcc6aa5d8a367f1c0814bf56\spring-security-web-6.2.1.jar;C:\Users\Le Du\.gradle\caches\modules-2\files-2.1\org.springframework.security\spring-security-oauth2-core\6.2.1\1927cdcddce10f1f852e25ed3445e1f1b96c17ad\spring-security-oauth2-core-6.2.1.jar;C:\Users\Le Du\.gradle\caches\modules-2\files-2.1\org.springframework.security\spring-security-core\6.2.1\b4014a04f217f0f48d15bc7d53906b6911ad855f\spring-security-core-6.2.1.jar;C:\Users\Le Du\.gradle\caches\modules-2\files-2.1\org.springframework\spring-webmvc\6.1.2\906ee995372076e22ef9666d8628845c75bf5c42\spring-webmvc-6.1.2.jar;C:\Users\Le Du\.gradle\caches\modules-2\files-2.1\org.springframework\spring-context-support\6.1.2\ca7a86d2b96b0faa2674d98eb91875bd634390b2\spring-context-support-6.1.2.jar;C:\Users\Le Du\.gradle\caches\modules-2\files-2.1\org.springframework.boot\spring-boot-autoconfigure\3.2.1\b100d2d21d45dddd740d496357ca6f3813d777d0\spring-boot-autoconfigure-3.2.1.jar;C:\Users\Le Du\.gradle\caches\modules-2\files-2.1\org.springframework.boot\spring-boot\3.2.1\faa2ce019bee68a8d17529d0a08ebc427f927e13\spring-boot-3.2.1.jar;C:\Users\Le Du\.gradle\caches\modules-2\files-2.1\org.springframework\spring-context\6.1.2\15df19852991220556b4462a366269b8e15278eb\spring-context-6.1.2.jar;C:\Users\Le Du\.gradle\caches\modules-2\files-2.1\org.springframework\spring-aop\6.1.2\a247bd81df8fa9c6a002b95969692bfd146a70b2\spring-aop-6.1.2.jar;C:\Users\Le Du\.gradle\caches\modules-2\files-2.1\org.thymeleaf\thymeleaf-spring6\3.1.2.RELEASE\6030c7b4e260c41336f378e53da6e8531263f24b\thymeleaf-spring6-3.1.2.RELEASE.jar;C:\Users\Le Du\.gradle\caches\modules-2\files-2.1\org.springframework.boot\spring-boot-starter-tomcat\3.2.1\d8efc48034015522958cb3fea5831b4cbcd4fcfb\spring-boot-starter-tomcat-3.2.1.jar;C:\Users\Le Du\.gradle\caches\modules-2\files-2.1\org.apache.tomcat.embed\tomcat-embed-el\10.1.17\9ad7312421535d7d3aabe0f541e852baccb59726\tomcat-embed-el-10.1.17.jar;C:\Users\Le Du\.gradle\caches\modules-2\files-2.1\org.hibernate.validator\hibernate-validator\8.0.1.Final\e49e116b3d3928060599b176b3538bb848718e95\hibernate-validator-8.0.1.Final.jar;C:\Users\Le Du\.gradle\caches\modules-2\files-2.1\org.springframework\spring-web\6.1.2\f26b98778376cc39afb04fbb6fdd7543bef89f2\spring-web-6.1.2.jar;C:\Users\Le Du\.gradle\caches\modules-2\files-2.1\com.zaxxer\HikariCP\5.0.1\a74c7f0a37046846e88d54f7cb6ea6d565c65f9c\HikariCP-5.0.1.jar;C:\Users\Le Du\.gradle\caches\modules-2\files-2.1\org.springframework.data\spring-data-commons\3.2.1\5983faa6a0f8b3a11a0cfc2ce1fabd43379a02d2\spring-data-commons-3.2.1.jar;C:\Users\Le Du\.gradle\caches\modules-2\files-2.1\org.thymeleaf\thymeleaf\3.1.2.RELEASE\273997509a4c7aef86cee0521750140c587d9be2\thymeleaf-3.1.2.RELEASE.jar;C:\Users\Le Du\.gradle\caches\modules-2\files-2.1\org.springframework.boot\spring-boot-starter-logging\3.2.1\df8ec78dc87885298998ca3c9bd603ee7bfe5b8\spring-boot-starter-logging-3.2.1.jar;C:\Users\Le Du\.gradle\caches\modules-2\files-2.1\ch.qos.logback\logback-classic\1.4.14\d98bc162275134cdf1518774da4a2a17ef6fb94d\logback-classic-1.4.14.jar;C:\Users\Le Du\.gradle\caches\modules-2\files-2.1\org.apache.logging.log4j\log4j-to-slf4j\2.21.1\d77b2ba81711ed596cd797cc2b5b5bd7409d841c\log4j-to-slf4j-2.21.1.jar;C:\Users\Le Du\.gradle\caches\modules-2\files-2.1\org.slf4j\jul-to-slf4j\2.0.9\9ef7c70b248185845f013f49a33ff9ca65b7975\jul-to-slf4j-2.0.9.jar;C:\Users\Le Du\.gradle\caches\modules-2\files-2.1\org.slf4j\slf4j-api\2.0.9\7cf2726fdcfbc8610f9a71fb3ed639871f315340\slf4j-api-2.0.9.jar;C:\Users\Le Du\.gradle\caches\modules-2\files-2.1\org.springframework\spring-orm\6.1.2\32d93c8762b828e9017429528879d5f57be83b8f\spring-orm-6.1.2.jar;C:\Users\Le Du\.gradle\caches\modules-2\files-2.1\org.springframework\spring-jdbc\6.1.2\2c9b37e4cc9bfd7e413d4685f09b6c5447d75638\spring-jdbc-6.1.2.jar;C:\Users\Le Du\.gradle\caches\modules-2\files-2.1\org.eclipse.angus\jakarta.mail\2.0.2\c73e4d70a62a1184eb01e989d6544082ee5e0362\jakarta.mail-2.0.2.jar;C:\Users\Le Du\.gradle\caches\modules-2\files-2.1\org.aspectj\aspectjweaver\1.9.21\beaabaea95c7f3330f415c72ee0ffe79b51d172f\aspectjweaver-1.9.21.jar;C:\Users\Le Du\.gradle\caches\modules-2\files-2.1\jakarta.persistence\jakarta.persistence-api\3.1.0\66901fa1c373c6aff65c13791cc11da72060a8d6\jakarta.persistence-api-3.1.0.jar;C:\Users\Le Du\.gradle\caches\modules-2\files-2.1\jakarta.transaction\jakarta.transaction-api\2.0.1\51a520e3fae406abb84e2e1148e6746ce3f80a1a\jakarta.transaction-api-2.0.1.jar;C:\Users\Le Du\.gradle\caches\modules-2\files-2.1\org.springframework\spring-tx\6.1.2\48b9ff81c43345320779b402f1bb33b9f46ec4e9\spring-tx-6.1.2.jar;C:\Users\Le Du\.gradle\caches\modules-2\files-2.1\org.springframework\spring-beans\6.1.2\abf52f2254975a3b1e95b2b63fb8b01d891cdc51\spring-beans-6.1.2.jar;C:\Users\Le Du\.gradle\caches\modules-2\files-2.1\org.springframework\spring-expression\6.1.2\98786397734b27b7c8843a6b01a7fa34d40d6806\spring-expression-6.1.2.jar;C:\Users\Le Du\.gradle\caches\modules-2\files-2.1\org.springframework\spring-core\6.1.2\e43c71a9eaca454654621f7d272f15b53c68d583\spring-core-6.1.2.jar;C:\Users\Le Du\.gradle\caches\modules-2\files-2.1\org.antlr\antlr4-runtime\4.13.0\5a02e48521624faaf5ff4d99afc88b01686af655\antlr4-runtime-4.13.0.jar;C:\Users\Le Du\.gradle\caches\modules-2\files-2.1\jakarta.annotation\jakarta.annotation-api\2.1.1\48b9bda22b091b1f48b13af03fe36db3be6e1ae3\jakarta.annotation-api-2.1.1.jar;C:\Users\Le Du\.gradle\caches\modules-2\files-2.1\org.yaml\snakeyaml\2.2\3af797a25458550a16bf89acc8e4ab2b7f2bfce0\snakeyaml-2.2.jar;C:\Users\Le Du\.gradle\caches\modules-2\files-2.1\org.springframework.security\spring-security-crypto\6.2.1\d7c4f4e8fe5ae84dd1da76094ee8a0a7e214923d\spring-security-crypto-6.2.1.jar;C:\Users\Le Du\.gradle\caches\modules-2\files-2.1\io.micrometer\micrometer-observation\1.12.1\fbd0e0e9b6a36effd53e0eee35b050ed1f548ae5\micrometer-observation-1.12.1.jar;C:\Users\Le Du\.gradle\caches\modules-2\files-2.1\com.nimbusds\oauth2-oidc-sdk\9.43.3\31709dab9f6531cc5c8f0d7e50ed5ccf10127877\oauth2-oidc-sdk-9.43.3.jar;C:\Users\Le Du\.gradle\caches\modules-2\files-2.1\com.nimbusds\nimbus-jose-jwt\9.24.4\29a1f6a00a4daa3e1873f6bf4f16ddf4d6fd6d37\nimbus-jose-jwt-9.24.4.jar;C:\Users\Le Du\.gradle\caches\modules-2\files-2.1\jakarta.validation\jakarta.validation-api\3.0.2\92b6631659ba35ca09e44874d3eb936edfeee532\jakarta.validation-api-3.0.2.jar;C:\Users\Le Du\.gradle\caches\modules-2\files-2.1\org.jboss.logging\jboss-logging\3.5.3.Final\c88fc1d8a96d4c3491f55d4317458ccad53ca663\jboss-logging-3.5.3.Final.jar;C:\Users\Le Du\.gradle\caches\modules-2\files-2.1\com.fasterxml\classmate\1.6.0\91affab6f84a2182fce5dd72a8d01bc14346dddd\classmate-1.6.0.jar;C:\Users\Le Du\.gradle\caches\modules-2\files-2.1\com.fasterxml.jackson.datatype\jackson-datatype-jsr310\2.15.3\4a20a0e104931bfa72f24ef358c2eb63f1ef2aaf\jackson-datatype-jsr310-2.15.3.jar;C:\Users\Le Du\.gradle\caches\modules-2\files-2.1\com.fasterxml.jackson.module\jackson-module-parameter-names\2.15.3\8d251b90c5358677e7d8161e0c2488e6f84f49da\jackson-module-parameter-names-2.15.3.jar;C:\Users\Le Du\.gradle\caches\modules-2\files-2.1\com.fasterxml.jackson.core\jackson-annotations\2.15.3\79baf4e605eb3bbb60b1c475d44a7aecceea1d60\jackson-annotations-2.15.3.jar;C:\Users\Le Du\.gradle\caches\modules-2\files-2.1\com.fasterxml.jackson.core\jackson-core\2.15.3\60d600567c1862840397bf9ff5a92398edc5797b\jackson-core-2.15.3.jar;C:\Users\Le Du\.gradle\caches\modules-2\files-2.1\com.fasterxml.jackson.datatype\jackson-datatype-jdk8\2.15.3\80158cb020c7bd4e4ba94d8d752a65729dc943b2\jackson-datatype-jdk8-2.15.3.jar;C:\Users\Le Du\.gradle\caches\modules-2\files-2.1\com.fasterxml.jackson.core\jackson-databind\2.15.3\a734bc2c47a9453c4efa772461a3aeb273c010d9\jackson-databind-2.15.3.jar;C:\Users\Le Du\.gradle\caches\modules-2\files-2.1\org.apache.tomcat.embed\tomcat-embed-websocket\10.1.17\9ee2f34b51144b75878c9b42768e17de8fbdc74b\tomcat-embed-websocket-10.1.17.jar;C:\Users\Le Du\.gradle\caches\modules-2\files-2.1\org.apache.tomcat.embed\tomcat-embed-core\10.1.17\5b9185ee002f9e194d2cb21ddcf8bc5f3d4a69da\tomcat-embed-core-10.1.17.jar;C:\Users\Le Du\.gradle\caches\modules-2\files-2.1\jakarta.activation\jakarta.activation-api\2.1.2\640c0d5aff45dbff1e1a1bc09673ff3a02b1ba12\jakarta.activation-api-2.1.2.jar;C:\Users\Le Du\.gradle\caches\modules-2\files-2.1\org.springframework\spring-jcl\6.1.2\285eb725861c9eacf2a3e4965d4e897932e335ea\spring-jcl-6.1.2.jar;C:\Users\Le Du\.gradle\caches\modules-2\files-2.1\io.micrometer\micrometer-commons\1.12.1\abcc6b294e60582afdfae6c559c94ad1d412ce2d\micrometer-commons-1.12.1.jar;C:\Users\Le Du\.gradle\caches\modules-2\files-2.1\com.github.stephenc.jcip\jcip-annotations\1.0-1\ef31541dd28ae2cefdd17c7ebf352d93e9058c63\jcip-annotations-1.0-1.jar;C:\Users\Le Du\.gradle\caches\modules-2\files-2.1\com.nimbusds\content-type\2.2\9a894bce7646dd4086652d85b88013229f23724b\content-type-2.2.jar;C:\Users\Le Du\.gradle\caches\modules-2\files-2.1\net.minidev\json-smart\2.5.0\57a64f421b472849c40e77d2e7cce3a141b41e99\json-smart-2.5.0.jar;C:\Users\Le Du\.gradle\caches\modules-2\files-2.1\com.nimbusds\lang-tag\1.7\97c73ecd70bc7e8eefb26c5eea84f251a63f1031\lang-tag-1.7.jar;C:\Users\Le Du\.gradle\caches\modules-2\files-2.1\org.attoparser\attoparser\2.0.7.RELEASE\e5d0e988d9124139d645bb5872b24dfa23e283cc\attoparser-2.0.7.RELEASE.jar;C:\Users\Le Du\.gradle\caches\modules-2\files-2.1\org.unbescape\unbescape\1.1.6.RELEASE\7b90360afb2b860e09e8347112800d12c12b2a13\unbescape-1.1.6.RELEASE.jar;C:\Users\Le Du\.gradle\caches\modules-2\files-2.1\ch.qos.logback\logback-core\1.4.14\4d3c2248219ac0effeb380ed4c5280a80bf395e8\logback-core-1.4.14.jar;C:\Users\Le Du\.gradle\caches\modules-2\files-2.1\org.apache.logging.log4j\log4j-api\2.21.1\74c65e87b9ce1694a01524e192d7be989ba70486\log4j-api-2.21.1.jar;C:\Users\Le Du\.gradle\caches\modules-2\files-2.1\net.minidev\accessors-smart\2.5.0\aca011492dfe9c26f4e0659028a4fe0970829dd8\accessors-smart-2.5.0.jar;C:\Users\Le Du\.gradle\caches\modules-2\files-2.1\org.ow2.asm\asm\9.3\8e6300ef51c1d801a7ed62d07cd221aca3a90640\asm-9.3.jar;C:\Users\Le Du\.gradle\caches\modules-2\files-2.1\org.springframework.boot\spring-boot-devtools\3.2.1\6c725582be436b834450dffb0e158c3276f0183e\spring-boot-devtools-3.2.1.jar;C:\Users\Le Du\.gradle\caches\modules-2\files-2.1\com.mysql\mysql-connector-j\8.1.0\3f78d2963935f44a61edb3961a591cdc392c8941\mysql-connector-j-8.1.0.jar;C:\Users\Le Du\.gradle\caches\modules-2\files-2.1\org.hibernate.common\hibernate-commons-annotations\6.0.6.Final\77a5f94b56d49508e0ee334751db5b78e5ccd50c\hibernate-commons-annotations-6.0.6.Final.jar;C:\Users\Le Du\.gradle\caches\modules-2\files-2.1\io.smallrye\jandex\3.1.2\a6c1c89925c7df06242b03dddb353116ceb9584c\jandex-3.1.2.jar;C:\Users\Le Du\.gradle\caches\modules-2\files-2.1\net.bytebuddy\byte-buddy\1.14.10\8117daf4a612122eb4f517f66adff778cb8b4737\byte-buddy-1.14.10.jar;C:\Users\Le Du\.gradle\caches\modules-2\files-2.1\org.glassfish.jaxb\jaxb-runtime\4.0.4\7180c50ef8bd127bb1dd645458b906cffcf6c2b5\jaxb-runtime-4.0.4.jar;C:\Users\Le Du\.gradle\caches\modules-2\files-2.1\org.glassfish.jaxb\jaxb-core\4.0.4\2d5aadd02af86f1e9d8c6f7e8501673f915d4e25\jaxb-core-4.0.4.jar;C:\Users\Le Du\.gradle\caches\modules-2\files-2.1\jakarta.xml.bind\jakarta.xml.bind-api\4.0.1\ca2330866cbc624c7e5ce982e121db1125d23e15\jakarta.xml.bind-api-4.0.1.jar;C:\Users\Le Du\.gradle\caches\modules-2\files-2.1\jakarta.inject\jakarta.inject-api\2.0.1\4c28afe1991a941d7702fe1362c365f0a8641d1e\jakarta.inject-api-2.0.1.jar;C:\Users\Le Du\.gradle\caches\modules-2\files-2.1\org.eclipse.angus\angus-activation\2.0.1\eaafaf4eb71b400e4136fc3a286f50e34a68ecb7\angus-activation-2.0.1.jar;C:\Users\Le Du\.gradle\caches\modules-2\files-2.1\org.glassfish.jaxb\txw2\4.0.4\cfd2bcf08782673ac370694fdf2cf76dbaa607ef\txw2-4.0.4.jar;C:\Users\Le Du\.gradle\caches\modules-2\files-2.1\com.sun.istack\istack-commons-runtime\4.1.2\18ec117c85f3ba0ac65409136afa8e42bc74e739\istack-commons-runtime-4.1.2.jar;D:\project\AzCar\AzCare-APIServices\bin\main;C:\Users\Le Du\.gradle\caches\modules-2\files-2.1\org.springframework.boot\spring-boot-starter-data-jpa\3.2.2\65cf3aad09f0218b7dfab849c9b0350d0a9e0d81\spring-boot-starter-data-jpa-3.2.2.jar;C:\Users\Le Du\.gradle\caches\modules-2\files-2.1\org.springframework.boot\spring-boot-starter-jdbc\3.2.2\22ffda6938dca5f584c8b1b64e4e9096e8302c1e\spring-boot-starter-jdbc-3.2.2.jar;C:\Users\Le Du\.gradle\caches\modules-2\files-2.1\org.springframework.boot\spring-boot-starter-security\3.2.2\79676d6fe68878890e26be10ecab126f472d7c0f\spring-boot-starter-security-3.2.2.jar;C:\Users\Le Du\.gradle\caches\modules-2\files-2.1\org.springframework.boot\spring-boot-starter-validation\3.2.2\faedd363ffbafde6a23bc7183ce79de11a96e780\spring-boot-starter-validation-3.2.2.jar;C:\Users\Le Du\.gradle\caches\modules-2\files-2.1\org.springframework.boot\spring-boot-starter-web\3.2.2\b89d213d9f49c3e6247b2503ac7d94b0ac8260f6\spring-boot-starter-web-3.2.2.jar;C:\Users\Le Du\.gradle\caches\modules-2\files-2.1\org.modelmapper\modelmapper\3.2.0\7664b15466a898625b394af6000439c5799a5d2b\modelmapper-3.2.0.jar;C:\Users\Le Du\.gradle\caches\modules-2\files-2.1\commons-io\commons-io\2.15.1\f11560da189ab563a5c8e351941415430e9304ea\commons-io-2.15.1.jar;C:\Users\Le Du\.gradle\caches\modules-2\files-2.1\org.springframework.boot\spring-boot-starter-aop\3.2.2\f01ecef0ce5f8d5631890a0c456a88a72323b569\spring-boot-starter-aop-3.2.2.jar;C:\Users\Le Du\.gradle\caches\modules-2\files-2.1\org.springframework.data\spring-data-jpa\3.2.2\f91a3896c2a6139ac1da1fd8ff4350ca4b0e409e\spring-data-jpa-3.2.2.jar;C:\Users\Le Du\.gradle\caches\modules-2\files-2.1\org.springframework\spring-aspects\6.1.3\c8b5dde3568dc5df6109916d8ad4866efe4e61fd\spring-aspects-6.1.3.jar;C:\Users\Le Du\.gradle\caches\modules-2\files-2.1\org.springframework.boot\spring-boot-starter-json\3.2.2\328f5ce9e10d5f90520e72a3ff8a2586b9e46b37\spring-boot-starter-json-3.2.2.jar;C:\Users\Le Du\.gradle\caches\modules-2\files-2.1\org.springframework.boot\spring-boot-starter\3.2.2\dc04714f9295297f92fa8099eb51edc54dbe67db\spring-boot-starter-3.2.2.jar;C:\Users\Le Du\.gradle\caches\modules-2\files-2.1\org.springframework\spring-orm\6.1.3\98572e26c6d011c9710545085358a4e35e27649\spring-orm-6.1.3.jar;C:\Users\Le Du\.gradle\caches\modules-2\files-2.1\org.springframework\spring-jdbc\6.1.3\be4b30cc956b26f13e04ccadc2b0575038c531bb\spring-jdbc-6.1.3.jar;C:\Users\Le Du\.gradle\caches\modules-2\files-2.1\org.springframework\spring-webmvc\6.1.3\f4738a57787add6567e0679eebb1b499a11019cc\spring-webmvc-6.1.3.jar;C:\Users\Le Du\.gradle\caches\modules-2\files-2.1\org.springframework.boot\spring-boot-autoconfigure\3.2.2\5c407409f8d260a4bc6e173d16fc3b36e6adec21\spring-boot-autoconfigure-3.2.2.jar;C:\Users\Le Du\.gradle\caches\modules-2\files-2.1\org.springframework.boot\spring-boot\3.2.2\9f274d1bd822c4c57bb5b37ecae2380b980f567\spring-boot-3.2.2.jar;C:\Users\Le Du\.gradle\caches\modules-2\files-2.1\org.springframework\spring-context\6.1.3\c63f038933701058fd7578460c66dbe2d424915\spring-context-6.1.3.jar;C:\Users\Le Du\.gradle\caches\modules-2\files-2.1\org.springframework\spring-aop\6.1.3\4d9bd4bd9b8bedf9ef151b45c79766b336117b9a\spring-aop-6.1.3.jar;C:\Users\Le Du\.gradle\caches\modules-2\files-2.1\org.springframework.boot\spring-boot-starter-tomcat\3.2.2\e22a0ba37910731b382f3fe47ad36aed20fad24d\spring-boot-starter-tomcat-3.2.2.jar;C:\Users\Le Du\.gradle\caches\modules-2\files-2.1\org.apache.tomcat.embed\tomcat-embed-el\10.1.18\b2c4dc05abd363c63b245523bb071727aa2f1046\tomcat-embed-el-10.1.18.jar;C:\Users\Le Du\.gradle\caches\modules-2\files-2.1\org.springframework\spring-web\6.1.3\cc3459b4abd436331608ddb6424886875f7086ab\spring-web-6.1.3.jar;C:\Users\Le Du\.gradle\caches\modules-2\files-2.1\org.springframework.data\spring-data-commons\3.2.2\9b0b0f5f5bc793463a81171d6889809abc14b19b\spring-data-commons-3.2.2.jar;C:\Users\Le Du\.gradle\caches\modules-2\files-2.1\org.springframework\spring-tx\6.1.3\7750337bf46a2ff248685915c7cc88d3bef2f666\spring-tx-6.1.3.jar;C:\Users\Le Du\.gradle\caches\modules-2\files-2.1\org.springframework\spring-beans\6.1.3\c2df4210e796d3a27efc1f22621aa4e2c6cd985f\spring-beans-6.1.3.jar;C:\Users\Le Du\.gradle\caches\modules-2\files-2.1\org.springframework\spring-expression\6.1.3\7c35fc3d7525a024fdde8a5d7597a6a8a4e59d7\spring-expression-6.1.3.jar;C:\Users\Le Du\.gradle\caches\modules-2\files-2.1\org.springframework\spring-core\6.1.3\a002e96e780954cc3ac4cd70fd3bb16accdc47ed\spring-core-6.1.3.jar;C:\Users\Le Du\.gradle\caches\modules-2\files-2.1\org.springframework.boot\spring-boot-starter-logging\3.2.2\3347c3b1cec6cf2d5fa186d1e49d2f378a6b7cae\spring-boot-starter-logging-3.2.2.jar;C:\Users\Le Du\.gradle\caches\modules-2\files-2.1\org.slf4j\jul-to-slf4j\2.0.11\279356f8e873b1a26badd8bbb3284b5c3b22c770\jul-to-slf4j-2.0.11.jar;C:\Users\Le Du\.gradle\caches\modules-2\files-2.1\org.slf4j\slf4j-api\2.0.11\ad96c3f8cf895e696dd35c2bc8e8ebe710be9e6d\slf4j-api-2.0.11.jar;C:\Users\Le Du\.gradle\caches\modules-2\files-2.1\org.apache.tomcat.embed\tomcat-embed-websocket\10.1.18\83a3bc6898f2ceed2357ba231a5e83dc2016d454\tomcat-embed-websocket-10.1.18.jar;C:\Users\Le Du\.gradle\caches\modules-2\files-2.1\org.apache.tomcat.embed\tomcat-embed-core\10.1.18\bff6c34649d1dd7b509e819794d73ba795947dcf\tomcat-embed-core-10.1.18.jar;C:\Users\Le Du\.gradle\caches\modules-2\files-2.1\io.micrometer\micrometer-observation\1.12.2\e082b05a2527fc24ea6fbe4c4b7ae34653aace81\micrometer-observation-1.12.2.jar;C:\Users\Le Du\.gradle\caches\modules-2\files-2.1\org.springframework\spring-jcl\6.1.3\a715e091ee86243ee94534a03f3c26b4e48de31e\spring-jcl-6.1.3.jar;C:\Users\Le Du\.gradle\caches\modules-2\files-2.1\io.micrometer\micrometer-commons\1.12.2\b44127d8ec7b3ef11a01912d1e6474e1167f3929\micrometer-commons-1.12.2.jar;C:\Users\Le Du\.gradle\caches\modules-2\files-2.1\org.springframework.boot\spring-boot-devtools\3.2.2\5d4ce10e0c8d4a6cc040a1836280f379893a8213\spring-boot-devtools-3.2.2.jar;C:\Users\Le Du\.gradle\caches\modules-2\files-2.1\com.mysql\mysql-connector-j\8.3.0\1cc7fa5d61f4bbc113531a4ba6d85d41cf3d57e1\mysql-connector-j-8.3.0.jar;C:\Users\Le Du\.gradle\caches\modules-2\files-2.1\net.bytebuddy\byte-buddy\1.14.11\725602eb7c8c56b51b9c21f273f9df5c909d9e7d\byte-buddy-1.14.11.jar
Launcher Type: SUN_STANDARD

[Global flags]
     intx CICompilerCount                          = 12                                        {product} {ergonomic}
     uint ConcGCThreads                            = 3                                         {product} {ergonomic}
     uint G1ConcRefinementThreads                  = 13                                        {product} {ergonomic}
   size_t G1HeapRegionSize                         = 4194304                                   {product} {ergonomic}
    uintx GCDrainStackTargetSize                   = 64                                        {product} {ergonomic}
   size_t InitialHeapSize                          = 536870912                                 {product} {ergonomic}
     bool ManagementServer                         = true                                      {product} {command line}
   size_t MarkStackSize                            = 4194304                                   {product} {ergonomic}
   size_t MaxHeapSize                              = 8527020032                                {product} {ergonomic}
   size_t MaxNewSize                               = 5112856576                                {product} {ergonomic}
   size_t MinHeapDeltaBytes                        = 4194304                                   {product} {ergonomic}
   size_t MinHeapSize                              = 8388608                                   {product} {ergonomic}
    uintx NonNMethodCodeHeapSize                   = 4096                                   {pd product} {ergonomic}
    uintx NonProfiledCodeHeapSize                  = 0                                      {pd product} {ergonomic}
     bool ProfileInterpreter                       = false                                  {pd product} {command line}
    uintx ProfiledCodeHeapSize                     = 0                                      {pd product} {ergonomic}
     bool ShowCodeDetailsInExceptionMessages       = true                                   {manageable} {command line}
   size_t SoftMaxHeapSize                          = 8527020032                             {manageable} {ergonomic}
     intx TieredStopAtLevel                        = 1                                         {product} {command line}
     bool UseCompressedOops                        = true                           {product lp64_product} {ergonomic}
     bool UseG1GC                                  = true                                      {product} {ergonomic}
     bool UseLargePagesIndividualAllocation        = false                                  {pd product} {ergonomic}

Logging:
Log output configuration:
 #0: stdout all=warning uptime,level,tags foldmultilines=false
 #1: stderr all=off uptime,level,tags foldmultilines=false

Environment Variables:
JAVA_HOME=D:\JDK\JDK Development Kit 21.0.1
PATH=D:/Program Files/SpringToolSuite-4.21.0.RELEASE//plugins/org.eclipse.justj.openjdk.hotspot.jre.full.win32.x86_64_17.0.9.v20231028-0858/jre/bin/server;D:/Program Files/SpringToolSuite-4.21.0.RELEASE//plugins/org.eclipse.justj.openjdk.hotspot.jre.full.win32.x86_64_17.0.9.v20231028-0858/jre/bin;C:\Python312\Scripts\;C:\Python312\;C:\Program Files\Microsoft MPI\Bin\;C:\Program Files\Common Files\Oracle\Java\javapath;C:\WINDOWS\system32;C:\WINDOWS;C:\WINDOWS\System32\Wbem;C:\WINDOWS\System32\WindowsPowerShell\v1.0\;C:\WINDOWS\System32\OpenSSH\;C:\Program Files\Cloudflare\Cloudflare WARP\;C:\Program Files (x86)\Microsoft SQL Server\160\Tools\Binn\;C:\Program Files\Microsoft SQL Server\160\Tools\Binn\;C:\Program Files\Microsoft SQL Server\Client SDK\ODBC\170\Tools\Binn\;C:\Program Files\Microsoft SQL Server\160\DTS\Binn\;C:\Program Files (x86)\Microsoft SQL Server\160\DTS\Binn\;C:\Program Files\Azure Data Studio\bin;C:\Program Files\Microsoft SQL Server\150\Tools\Binn\;C:\Program Files\dotnet\;C:\Program Files\MySQL\MySQL Utilities 1.6\;D:\Program Files\Git\cmd;C:\Users\Le Du\AppData\Local\Pub\Cache\bin;D:\Program Files\NodeJS\;C:\ProgramData\chocolatey\bin;C:\Program Files\MySQL\MySQL Shell 8.0\bin\;C:\Users\Le Du\AppData\Local\Microsoft\WindowsApps;D:\Program Files\Microsoft VS Code\bin;C:\Program Files\Azure Data Studio\bin;C:\Users\Le Du\AppData\Local\GitHubDesktop\bin;C:\Users\Le Du\.dotnet\tools;D:\JDK\JDK Flutter_windows_3.16.8-stable\flutter\bin;D:\JDK\JDK Flutter_windows_3.16.8-stable\flutter;D:\Android SDK\platform-tools;D:\Program Files\Microsoft VS Code\bin;C:\Users\Le Du\AppData\Local\Pub\Cache\bin;C:\Users\Le Du\AppData\Roaming\npm;D:\Program Files\SpringToolSuite-4.21.0.RELEASE;
USERNAME=Le Du
OS=Windows_NT
PROCESSOR_IDENTIFIER=Intel64 Family 6 Model 165 Stepping 2, GenuineIntel
TMP=C:\Users\LEDU~1\AppData\Local\Temp
TEMP=C:\Users\LEDU~1\AppData\Local\Temp




Periodic native trim disabled

---------------  S Y S T E M  ---------------

OS:
 Windows 11 , 64 bit Build 22621 (10.0.22621.3235)
OS uptime: 2 days 10:46 hours
Hyper-V role detected

CPU: total 16 (initial active 16) (8 cores per cpu, 2 threads per core) family 6 model 165 stepping 2 microcode 0xf8, cx8, cmov, fxsr, ht, mmx, 3dnowpref, sse, sse2, sse3, ssse3, sse4.1, sse4.2, popcnt, lzcnt, tsc, tscinvbit, avx, avx2, aes, erms, clmul, bmi1, bmi2, adx, fma, vzeroupper, clflush, clflushopt, hv, rdtscp, f16c
Processor Information for all 16 processors :
  Max Mhz: 2304, Current Mhz: 2304, Mhz Limit: 2304

Memory: 4k page, system-wide physical 32512M (17638M free)
TotalPageFile size 37376M (AvailPageFile size 17656M)
current process WorkingSet (physical memory assigned to process): 427M, peak: 488M
current process commit charge ("private bytes"): 483M, peak: 648M

vm_info: Java HotSpot(TM) 64-Bit Server VM (21.0.1+12-LTS-29) for windows-amd64 JRE (21.0.1+12-LTS-29), built on 2023-10-05T13:27:09Z by "mach5one" with MS VC++ 17.1 (VS2022)

END.
